2019-02-08 14:22:32,543 INFO  [main] root: Connection established
2019-02-08 14:22:41,274 INFO  [main] root: Send message:	 '{ CommMessage Object: { Status: PUT }{ key: haha }{ value: lol }'
2019-02-08 14:22:41,308 INFO  [main] root: Receive message:	 '{ CommMessage Object: { Status: PUT_SUCCESS }{ key: haha }{ value: lol }'
2019-02-08 14:22:45,781 INFO  [main] root: Send message:	 '{ CommMessage Object: { Status: GET }{ key: haha }{ value: null }'
2019-02-08 14:22:45,782 INFO  [main] root: Receive message:	 '{ CommMessage Object: { Status: GET_SUCCESS }{ key: haha }{ value: lol }'
2019-02-08 14:22:52,733 INFO  [main] root: Send message:	 '{ CommMessage Object: { Status: PUT }{ key: haha }{ value: null }'
2019-02-08 14:22:52,736 INFO  [main] root: Receive message:	 '{ CommMessage Object: { Status: DELETE_SUCCESS }{ key: haha }{ value: null }'
2019-02-08 14:22:55,588 INFO  [main] root: Send message:	 '{ CommMessage Object: { Status: GET }{ key: haha }{ value: null }'
2019-02-08 14:22:55,591 INFO  [main] root: Receive message:	 '{ CommMessage Object: { Status: GET_SUCCESS }{ key: haha }{ value:  }'
2019-02-08 14:31:05,252 INFO  [main] root: Send message:	 '{ CommMessage Object: { Status: GET }{ key: haha }{ value: null }'
2019-02-08 14:31:05,253 INFO  [main] root: Receive message:	 '{ CommMessage Object: { Status: GET_SUCCESS }{ key: haha }{ value:  }'
2019-02-08 14:31:15,924 INFO  [main] root: try to close connection ...
2019-02-08 14:31:15,924 INFO  [main] root: tearing down the connection ...
2019-02-08 14:31:15,924 INFO  [main] root: connection closed!
2019-02-08 14:32:09,899 INFO  [main] root: Connection established
2019-02-08 14:32:38,021 INFO  [main] root: Connection established
2019-02-08 14:32:44,746 INFO  [main] root: Send message:	 '{ CommMessage Object: { Status: GET }{ key: haha }{ value: null }'
2019-02-08 14:32:44,798 INFO  [main] root: Receive message:	 '{ CommMessage Object: { Status: GET_ERROR }{ key: null }{ value: null }'
2019-02-08 14:32:51,126 INFO  [main] root: Send message:	 '{ CommMessage Object: { Status: PUT }{ key: haha }{ value: hehe }'
2019-02-08 14:32:51,131 INFO  [main] root: Receive message:	 '{ CommMessage Object: { Status: PUT_SUCCESS }{ key: haha }{ value: hehe }'
2019-02-08 14:33:17,750 INFO  [main] root: Send message:	 '{ CommMessage Object: { Status: PUT }{ key: haha }{ value: null }'
2019-02-08 14:33:17,752 INFO  [main] root: Receive message:	 '{ CommMessage Object: { Status: DELETE_SUCCESS }{ key: haha }{ value: null }'
2019-02-08 14:33:20,102 INFO  [main] root: Send message:	 '{ CommMessage Object: { Status: GET }{ key: haha }{ value: null }'
2019-02-08 14:33:44,320 INFO  [main] root: Receive message:	 '{ CommMessage Object: { Status: GET_ERROR }{ key: null }{ value: null }'
2019-02-08 14:34:32,504 INFO  [main] root: Connection established
2019-02-08 14:34:35,223 INFO  [main] root: Send message:	 '{ CommMessage Object: { Status: PUT }{ key: haha }{ value: hehe }'
2019-02-08 14:34:35,270 INFO  [main] root: Receive message:	 '{ CommMessage Object: { Status: PUT_SUCCESS }{ key: haha }{ value: hehe }'
2019-02-08 14:34:38,767 INFO  [main] root: Send message:	 '{ CommMessage Object: { Status: GET }{ key: haha }{ value: null }'
2019-02-08 14:34:38,769 INFO  [main] root: Receive message:	 '{ CommMessage Object: { Status: GET_SUCCESS }{ key: haha }{ value: hehe }'
2019-02-08 14:34:43,327 INFO  [main] root: Send message:	 '{ CommMessage Object: { Status: PUT }{ key: haha }{ value: null }'
2019-02-08 14:34:43,330 INFO  [main] root: Receive message:	 '{ CommMessage Object: { Status: DELETE_SUCCESS }{ key: haha }{ value: null }'
2019-02-08 14:34:46,567 INFO  [main] root: Send message:	 '{ CommMessage Object: { Status: GET }{ key: haha }{ value: null }'
2019-02-08 14:34:46,569 INFO  [main] root: Receive message:	 '{ CommMessage Object: { Status: GET_ERROR }{ key: null }{ value: null }'
2019-02-08 14:34:53,039 INFO  [main] root: try to close connection ...
2019-02-08 14:34:53,039 INFO  [main] root: tearing down the connection ...
2019-02-08 14:34:53,039 INFO  [main] root: connection closed!
2019-02-08 14:43:50,541 INFO  [main] root: Connection established
2019-02-08 14:44:07,478 INFO  [main] root: Send message:	 '{ CommMessage Object: { Status: GET }{ key: haha }{ value: null }'
2019-02-08 14:44:07,514 INFO  [main] root: Receive message:	 '{ CommMessage Object: { Status: GET_SUCCESS }{ key: haha }{ value:  }'
2019-02-08 14:44:45,385 INFO  [main] root: Send message:	 '{ CommMessage Object: { Status: PUT }{ key: haha }{ value: null }'
2019-02-08 14:44:45,389 INFO  [main] root: Receive message:	 '{ CommMessage Object: { Status: DELETE_SUCCESS }{ key: haha }{ value: null }'
2019-02-08 14:44:50,809 INFO  [main] root: Send message:	 '{ CommMessage Object: { Status: GET }{ key: haha }{ value: null }'
2019-02-08 14:44:50,811 INFO  [main] root: Receive message:	 '{ CommMessage Object: { Status: GET_ERROR }{ key: null }{ value: null }'
2019-02-08 14:45:10,617 INFO  [main] root: try to close connection ...
2019-02-08 14:45:10,617 INFO  [main] root: tearing down the connection ...
2019-02-08 14:45:10,617 INFO  [main] root: connection closed!
2019-02-09 16:41:52,317 INFO  [main] root: Connection established
2019-02-09 16:41:58,923 INFO  [main] root: Send message:	 '{ CommMessage Object: { Status: PUT }{ key: a }{ value: null }'
2019-02-09 16:41:58,962 INFO  [main] root: Receive message:	 '{ CommMessage Object: { Status: DELETE_SUCCESS }{ key: a }{ value: null }'
2019-02-09 16:42:17,067 INFO  [main] root: Send message:	 '{ CommMessage Object: { Status: PUT }{ key: ajhlkfashbaqfvash }{ value: null }'
2019-02-09 16:42:17,072 INFO  [main] root: Receive message:	 '{ CommMessage Object: { Status: DELETE_ERROR }{ key: ajhlkfashbaqfvash }{ value: null }'
2019-02-09 16:42:25,419 INFO  [main] root: Send message:	 '{ CommMessage Object: { Status: PUT }{ key: a }{ value: null }'
2019-02-09 16:42:25,423 INFO  [main] root: Receive message:	 '{ CommMessage Object: { Status: DELETE_ERROR }{ key: a }{ value: null }'
2019-02-09 16:42:44,379 ERROR [main] root: m1-client> Error! Unknown command
2019-02-09 16:42:46,939 INFO  [main] root: try to close connection ...
2019-02-09 16:42:46,939 INFO  [main] root: tearing down the connection ...
2019-02-09 16:42:46,939 INFO  [main] root: connection closed!
2019-02-09 22:46:08,448 INFO  [main] root: Connection established
2019-02-09 22:46:13,338 INFO  [main] root: Send message:	 '{ CommMessage Object: { Status: PUT }{ key: hah }{ value: hehe }'
2019-02-09 22:46:13,379 INFO  [main] root: Receive message:	 '{ CommMessage Object: { Status: PUT_SUCCESS }{ key: hah }{ value: hehe }'
2019-02-09 22:46:15,836 INFO  [main] root: Send message:	 '{ CommMessage Object: { Status: GET }{ key: haha }{ value: null }'
2019-02-09 22:46:15,839 INFO  [main] root: Receive message:	 '{ CommMessage Object: { Status: GET_ERROR }{ key: null }{ value: null }'
2019-02-09 22:47:30,805 INFO  [main] root: Connection established
2019-02-09 22:47:35,107 INFO  [main] root: Send message:	 '{ CommMessage Object: { Status: PUT }{ key: haha }{ value: hehe }'
2019-02-09 22:47:35,145 INFO  [main] root: Receive message:	 '{ CommMessage Object: { Status: PUT_SUCCESS }{ key: haha }{ value: hehe }'
2019-02-09 22:47:37,582 INFO  [main] root: Send message:	 '{ CommMessage Object: { Status: GET }{ key: haha }{ value: null }'
2019-02-09 22:47:37,585 INFO  [main] root: Receive message:	 '{ CommMessage Object: { Status: GET_SUCCESS }{ key: haha }{ value: hehe }'
2019-02-09 22:47:47,150 INFO  [main] root: Send message:	 '{ CommMessage Object: { Status: PUT }{ key: haha }{ value: null }'
2019-02-09 22:47:47,155 INFO  [main] root: Receive message:	 '{ CommMessage Object: { Status: DELETE_SUCCESS }{ key: haha }{ value: null }'
2019-02-09 22:47:49,646 INFO  [main] root: Send message:	 '{ CommMessage Object: { Status: GET }{ key: haha }{ value: null }'
2019-02-09 22:47:49,649 INFO  [main] root: Receive message:	 '{ CommMessage Object: { Status: GET_ERROR }{ key: null }{ value: null }'
2019-02-09 22:48:29,431 INFO  [main] root: Send message:	 '{ CommMessage Object: { Status: PUT }{ key: haha }{ value: null }'
2019-02-09 22:48:29,433 INFO  [main] root: Receive message:	 '{ CommMessage Object: { Status: PUT_ERROR }{ key: null }{ value: null }'
2019-02-09 22:48:36,495 INFO  [main] root: Send message:	 '{ CommMessage Object: { Status: PUT }{ key: haha }{ value: hehe }'
2019-02-09 22:48:36,498 INFO  [main] root: Receive message:	 '{ CommMessage Object: { Status: PUT_SUCCESS }{ key: haha }{ value: hehe }'
2019-02-09 22:48:50,056 INFO  [main] root: Send message:	 '{ CommMessage Object: { Status: GET }{ key: haha }{ value: null }'
2019-02-09 22:48:50,058 INFO  [main] root: Receive message:	 '{ CommMessage Object: { Status: GET_SUCCESS }{ key: haha }{ value: hehe }'
2019-02-09 22:49:50,313 INFO  [main] root: Send message:	 '{ CommMessage Object: { Status: PUT }{ key: this }{ value: that }'
2019-02-09 22:49:50,315 INFO  [main] root: Receive message:	 '{ CommMessage Object: { Status: PUT_SUCCESS }{ key: this }{ value: that }'
2019-02-09 22:49:51,985 INFO  [main] root: Send message:	 '{ CommMessage Object: { Status: GET }{ key: this }{ value: null }'
2019-02-09 22:49:51,987 INFO  [main] root: Receive message:	 '{ CommMessage Object: { Status: GET_SUCCESS }{ key: this }{ value: that }'
2019-02-09 22:49:56,208 INFO  [main] root: try to close connection ...
2019-02-09 22:49:56,208 INFO  [main] root: tearing down the connection ...
2019-02-09 22:49:56,209 INFO  [main] root: connection closed!
2019-02-09 22:50:29,996 INFO  [main] root: Connection established
2019-02-09 22:50:35,537 INFO  [main] root: Send message:	 '{ CommMessage Object: { Status: PUT }{ key: thah }{ value: thhh }'
2019-02-09 22:50:35,575 INFO  [main] root: Receive message:	 '{ CommMessage Object: { Status: PUT_SUCCESS }{ key: thah }{ value: thhh }'
2019-02-09 22:50:38,634 INFO  [main] root: Send message:	 '{ CommMessage Object: { Status: GET }{ key: thah }{ value: null }'
2019-02-09 22:50:38,637 INFO  [main] root: Receive message:	 '{ CommMessage Object: { Status: GET_SUCCESS }{ key: thah }{ value: thhh }'
2019-02-09 22:51:25,278 INFO  [main] root: Connection established
2019-02-09 22:51:32,307 INFO  [main] root: Send message:	 '{ CommMessage Object: { Status: GET }{ key: thah }{ value: null }'
2019-02-09 22:51:32,348 INFO  [main] root: Receive message:	 '{ CommMessage Object: { Status: GET_ERROR }{ key: null }{ value: null }'
2019-02-09 22:58:03,780 INFO  [main] root: try to close connection ...
2019-02-09 22:58:03,781 INFO  [main] root: tearing down the connection ...
2019-02-09 22:58:03,781 INFO  [main] root: connection closed!
2019-02-09 23:00:52,542 INFO  [main] root: Connection established
2019-02-09 23:01:02,837 INFO  [main] root: Send message:	 '{ CommMessage Object: { Status: PUT }{ key: key }{ value: value }'
2019-02-09 23:01:02,874 INFO  [main] root: Receive message:	 '{ CommMessage Object: { Status: PUT_SUCCESS }{ key: key }{ value: value }'
2019-02-09 23:01:04,738 INFO  [main] root: Send message:	 '{ CommMessage Object: { Status: GET }{ key: key }{ value: null }'
2019-02-09 23:01:04,741 INFO  [main] root: Receive message:	 '{ CommMessage Object: { Status: GET_SUCCESS }{ key: key }{ value: value }'
2019-02-09 23:01:08,177 INFO  [main] root: try to close connection ...
2019-02-09 23:01:08,177 INFO  [main] root: tearing down the connection ...
2019-02-09 23:01:08,177 INFO  [main] root: connection closed!
2019-02-09 23:06:21,821 INFO  [main] root: Connection established
2019-02-09 23:06:52,650 ERROR [main] root: m1-client> Error! Unknown command
2019-02-09 23:07:42,651 INFO  [main] root: try to close connection ...
2019-02-09 23:07:42,690 INFO  [main] root: tearing down the connection ...
2019-02-09 23:07:42,690 INFO  [main] root: connection closed!
2019-02-09 23:07:56,160 INFO  [main] root: Connection established
2019-02-09 23:09:56,878 INFO  [main] root: try to close connection ...
2019-02-09 23:09:56,878 INFO  [main] root: tearing down the connection ...
2019-02-09 23:09:56,879 INFO  [main] root: connection closed!
2019-02-09 23:10:10,163 INFO  [main] root: Connection established
2019-02-09 23:22:05,698 INFO  [main] root: Connection established
2019-02-09 23:22:07,191 ERROR [main] root: m1-client> Error! Error getting key hah: java.lang.NullPointerException
2019-02-09 23:23:06,689 INFO  [main] root: try to close connection ...
2019-02-09 23:23:06,690 INFO  [main] root: tearing down the connection ...
2019-02-09 23:23:06,690 INFO  [main] root: connection closed!
2019-02-09 23:26:36,704 INFO  [main] root: Connection established
2019-02-09 23:26:38,878 INFO  [main] root: Connection established
2019-02-09 23:26:38,909 INFO  [main] root: Send message:	 '{ CommMessage Object: { Status: GET }{ key: haha }{ value: null }'
2019-02-09 23:26:38,945 INFO  [main] root: Receive message:	 '{ CommMessage Object: { Status: GET_ERROR }{ key: null }{ value: null }'
2019-02-09 23:26:38,946 INFO  [main] root: try to close connection ...
2019-02-09 23:26:38,946 INFO  [main] root: tearing down the connection ...
2019-02-09 23:26:38,946 INFO  [main] root: connection closed!
2019-02-09 23:33:19,690 INFO  [main] root: Connection established
2019-02-09 23:33:26,841 INFO  [main] root: Connection established
2019-02-09 23:33:26,877 INFO  [main] root: Send message:	 '{ CommMessage Object: { Status: GET }{ key: haha }{ value: null }'
2019-02-09 23:33:26,916 INFO  [main] root: Receive message:	 '{ CommMessage Object: { Status: GET_ERROR }{ key: null }{ value: null }'
2019-02-09 23:33:26,916 INFO  [main] root: try to close connection ...
2019-02-09 23:33:26,916 INFO  [main] root: tearing down the connection ...
2019-02-09 23:33:26,916 INFO  [main] root: connection closed!
2019-02-09 23:34:22,411 ERROR [main] root: m1-client> Error! Unknown command
2019-02-09 23:34:23,499 INFO  [main] root: try to close connection ...
2019-02-09 23:34:23,500 INFO  [main] root: tearing down the connection ...
2019-02-09 23:34:23,500 INFO  [main] root: connection closed!
2019-02-09 23:41:31,660 INFO  [main] root: Connection established
2019-02-09 23:41:35,373 INFO  [main] root: Connection established
2019-02-09 23:41:35,405 INFO  [main] root: Send message:	 '{ CommMessage Object: { Status: GET }{ key: haha }{ value: null }'
2019-02-09 23:41:35,439 INFO  [main] root: Receive message:	 '{ CommMessage Object: { Status: GET_ERROR }{ key: null }{ value: null }'
2019-02-09 23:41:35,439 INFO  [main] root: try to close connection ...
2019-02-09 23:41:35,439 INFO  [main] root: tearing down the connection ...
2019-02-09 23:41:35,439 INFO  [main] root: connection closed!
2019-02-09 23:41:43,263 INFO  [main] root: Send message:	 '{ CommMessage Object: { Status: PUT }{ key: haha }{ value: haha }'
2019-02-09 23:42:38,048 ERROR [main] root: m1-client> Error! Invalid number of parameters!
2019-02-09 23:42:47,638 INFO  [main] root: Connection established
2019-02-09 23:42:50,199 INFO  [main] root: Send message:	 '{ CommMessage Object: { Status: PUT }{ key: haha }{ value: heh }'
2019-02-09 23:42:50,241 INFO  [main] root: Receive message:	 '{ CommMessage Object: { Status: PUT_SUCCESS }{ key: haha }{ value: heh }'
2019-02-09 23:42:52,630 INFO  [main] root: Connection established
2019-02-09 23:42:52,631 INFO  [main] root: Send message:	 '{ CommMessage Object: { Status: GET }{ key: haha }{ value: null }'
2019-02-09 23:42:52,634 INFO  [main] root: Receive message:	 '{ CommMessage Object: { Status: GET_SUCCESS }{ key: haha }{ value: heh }'
2019-02-09 23:42:52,634 INFO  [main] root: try to close connection ...
2019-02-09 23:42:52,634 INFO  [main] root: tearing down the connection ...
2019-02-09 23:42:52,635 INFO  [main] root: connection closed!
2019-02-09 23:43:03,663 INFO  [main] root: try to close connection ...
2019-02-09 23:43:03,664 INFO  [main] root: tearing down the connection ...
2019-02-09 23:43:03,664 INFO  [main] root: connection closed!
2019-02-10 14:19:42,340 INFO  [main] root: Connection established
2019-02-10 14:19:46,358 INFO  [main] root: Send message:	 '{ CommMessage Object: { Status: PUT }{ key: haha }{ value: hehe }'
2019-02-10 14:19:46,393 INFO  [main] root: Receive message:	 '{ CommMessage Object: { Status: PUT_SUCCESS }{ key: haha }{ value: hehe }'
2019-02-10 14:19:48,229 INFO  [main] root: Connection established
2019-02-10 14:19:48,230 INFO  [main] root: Send message:	 '{ CommMessage Object: { Status: GET }{ key: haha }{ value: null }'
2019-02-10 14:19:48,233 INFO  [main] root: Receive message:	 '{ CommMessage Object: { Status: GET_SUCCESS }{ key: haha }{ value: hehe }'
2019-02-10 14:19:48,233 INFO  [main] root: try to close connection ...
2019-02-10 14:19:48,233 INFO  [main] root: tearing down the connection ...
2019-02-10 14:19:48,233 INFO  [main] root: connection closed!
2019-02-10 14:19:55,831 INFO  [main] root: Connection established
2019-02-10 14:19:55,832 INFO  [main] root: Send message:	 '{ CommMessage Object: { Status: GET }{ key: haha }{ value: null }'
2019-02-10 14:19:55,835 INFO  [main] root: Receive message:	 '{ CommMessage Object: { Status: GET_SUCCESS }{ key: haha }{ value: hehe }'
2019-02-10 14:19:55,835 INFO  [main] root: try to close connection ...
2019-02-10 14:19:55,835 INFO  [main] root: tearing down the connection ...
2019-02-10 14:19:55,835 INFO  [main] root: connection closed!
2019-02-10 14:19:59,967 INFO  [main] root: Connection established
2019-02-10 14:19:59,968 INFO  [main] root: Send message:	 '{ CommMessage Object: { Status: GET }{ key: hh }{ value: null }'
2019-02-10 14:19:59,971 INFO  [main] root: Receive message:	 '{ CommMessage Object: { Status: GET_ERROR }{ key: null }{ value: null }'
2019-02-10 14:19:59,971 INFO  [main] root: try to close connection ...
2019-02-10 14:19:59,971 INFO  [main] root: tearing down the connection ...
2019-02-10 14:19:59,971 INFO  [main] root: connection closed!
2019-02-10 14:20:09,423 INFO  [main] root: Connection established
2019-02-10 14:20:09,424 INFO  [main] root: Send message:	 '{ CommMessage Object: { Status: GET }{ key: aaaaa }{ value: null }'
2019-02-10 14:20:34,192 INFO  [main] root: Connection established
2019-02-10 14:20:41,314 INFO  [main] root: Connection established
2019-02-10 14:20:41,353 INFO  [main] root: Send message:	 '{ CommMessage Object: { Status: GET }{ key: aaa }{ value: null }'
2019-02-10 14:21:05,017 INFO  [main] root: Connection established
2019-02-10 14:21:22,731 INFO  [main] root: Connection established
2019-02-10 14:21:22,772 INFO  [main] root: Send message:	 '{ CommMessage Object: { Status: GET }{ key: haha }{ value: null }'
2019-02-10 14:22:07,922 INFO  [main] root: Connection established
2019-02-10 14:22:10,627 INFO  [main] root: Connection established
2019-02-10 14:22:10,658 INFO  [main] root: Send message:	 '{ CommMessage Object: { Status: GET }{ key: aaaa }{ value: null }'
2019-02-10 14:22:10,693 INFO  [main] root: Receive message:	 '{ CommMessage Object: { Status: GET_ERROR }{ key: null }{ value: null }'
2019-02-10 14:22:10,693 INFO  [main] root: try to close connection ...
2019-02-10 14:22:10,693 INFO  [main] root: tearing down the connection ...
2019-02-10 14:22:10,693 INFO  [main] root: connection closed!
2019-02-10 14:22:17,636 INFO  [main] root: Connection established
2019-02-10 14:22:17,636 INFO  [main] root: Send message:	 '{ CommMessage Object: { Status: GET }{ key: aaaa }{ value: null }'
2019-02-10 14:24:00,365 INFO  [main] root: Connection established
2019-02-10 14:24:03,020 INFO  [main] root: Send message:	 '{ CommMessage Object: { Status: GET }{ key: aaa }{ value: null }'
2019-02-10 14:24:03,056 INFO  [main] root: Receive message:	 '{ CommMessage Object: { Status: GET_ERROR }{ key: null }{ value: null }'
2019-02-10 14:24:04,568 INFO  [main] root: Send message:	 '{ CommMessage Object: { Status: GET }{ key: aaaa }{ value: null }'
2019-02-10 14:24:04,570 INFO  [main] root: Receive message:	 '{ CommMessage Object: { Status: GET_ERROR }{ key: null }{ value: null }'
2019-02-10 14:24:07,712 INFO  [main] root: Send message:	 '{ CommMessage Object: { Status: GET }{ key: aaa }{ value: null }'
2019-02-10 14:24:07,714 INFO  [main] root: Receive message:	 '{ CommMessage Object: { Status: GET_ERROR }{ key: null }{ value: null }'
2019-02-10 14:24:09,200 INFO  [main] root: Send message:	 '{ CommMessage Object: { Status: GET }{ key: aaaa }{ value: null }'
2019-02-10 14:24:09,202 INFO  [main] root: Receive message:	 '{ CommMessage Object: { Status: GET_ERROR }{ key: null }{ value: null }'
2019-02-10 14:24:11,752 INFO  [main] root: Send message:	 '{ CommMessage Object: { Status: PUT }{ key: aaaa }{ value: null }'
2019-02-10 14:24:11,756 INFO  [main] root: Receive message:	 '{ CommMessage Object: { Status: DELETE_ERROR }{ key: aaaa }{ value: null }'
2019-02-10 14:24:17,024 INFO  [main] root: Send message:	 '{ CommMessage Object: { Status: PUT }{ key: aaa }{ value: a bbb }'
2019-02-10 14:24:17,028 INFO  [main] root: Receive message:	 '{ CommMessage Object: { Status: PUT_SUCCESS }{ key: aaa }{ value: a bbb }'
2019-02-10 14:24:21,616 INFO  [main] root: Send message:	 '{ CommMessage Object: { Status: GET }{ key: aaa }{ value: null }'
2019-02-10 14:24:21,619 INFO  [main] root: Receive message:	 '{ CommMessage Object: { Status: GET_SUCCESS }{ key: aaa }{ value: a bbb }'
2019-02-10 14:24:23,520 INFO  [main] root: Send message:	 '{ CommMessage Object: { Status: GET }{ key: aaaa }{ value: null }'
2019-02-10 14:24:23,522 INFO  [main] root: Receive message:	 '{ CommMessage Object: { Status: GET_ERROR }{ key: null }{ value: null }'
2019-02-10 14:24:32,840 INFO  [main] root: Send message:	 '{ CommMessage Object: { Status: GET }{ key: aaa }{ value: null }'
2019-02-10 14:24:32,843 INFO  [main] root: Receive message:	 '{ CommMessage Object: { Status: GET_SUCCESS }{ key: aaa }{ value: a bbb }'
2019-02-10 14:24:35,016 INFO  [main] root: Send message:	 '{ CommMessage Object: { Status: PUT }{ key: aaa }{ value: null }'
2019-02-10 14:24:35,020 INFO  [main] root: Receive message:	 '{ CommMessage Object: { Status: DELETE_SUCCESS }{ key: aaa }{ value: null }'
2019-02-10 14:25:09,849 INFO  [main] root: try to close connection ...
2019-02-10 14:25:09,849 INFO  [main] root: tearing down the connection ...
2019-02-10 14:25:09,849 INFO  [main] root: connection closed!
2019-02-10 14:33:44,008 INFO  [main] root: Connection established
2019-02-10 14:33:47,530 INFO  [main] root: Send message:	 '{ CommMessage Object: { Status: PUT }{ key: haha }{ value: null }'
2019-02-10 14:33:47,568 INFO  [main] root: Receive message:	 '{ CommMessage Object: { Status: DELETE_ERROR }{ key: haha }{ value: null }'
2019-02-10 14:33:49,560 INFO  [main] root: Connection established
2019-02-10 14:33:49,561 INFO  [main] root: Send message:	 '{ CommMessage Object: { Status: GET }{ key: haha }{ value: null }'
2019-02-10 14:33:49,565 INFO  [main] root: Receive message:	 '{ CommMessage Object: { Status: GET_ERROR }{ key: null }{ value: null }'
2019-02-10 14:33:49,565 INFO  [main] root: try to close connection ...
2019-02-10 14:33:49,565 INFO  [main] root: tearing down the connection ...
2019-02-10 14:33:49,565 INFO  [main] root: connection closed!
2019-02-10 14:33:49,565 ERROR [main] root: m1-client> Error! Not connected
2019-02-10 14:35:28,373 INFO  [main] root: Connection established
2019-02-10 14:35:28,374 INFO  [main] root: Send message:	 '{ CommMessage Object: { Status: GET }{ key: jhahah }{ value: null }'
2019-02-10 14:38:37,756 ERROR [main] root: m1-client> Error! Invalid number of parameters!
2019-02-10 14:38:44,394 INFO  [main] root: Connection established
2019-02-10 14:38:56,924 INFO  [main] root: Connection established
2019-02-10 14:38:56,959 INFO  [main] root: Send message:	 '{ CommMessage Object: { Status: GET }{ key: hahah }{ value: null }'
2019-02-10 14:39:11,240 ERROR [main] root: Connection lost!
2019-02-10 14:39:11,241 INFO  [main] root: tearing down the connection ...
2019-02-10 14:39:11,241 INFO  [main] root: connection closed!
2019-02-10 14:39:11,241 INFO  [main] root: try to close connection ...
2019-02-10 14:39:11,241 INFO  [main] root: tearing down the connection ...
2019-02-10 14:39:11,241 ERROR [main] root: m1-client> Error! Not connected
2019-02-10 14:39:55,871 INFO  [main] root: Connection established
2019-02-10 14:40:42,480 INFO  [main] root: Connection established
2019-02-10 14:40:42,481 INFO  [main] root: Send message:	 '{ CommMessage Object: { Status: GET }{ key: jajaj }{ value: null }'
2019-02-10 14:40:59,258 ERROR [main] root: Connection lost!
2019-02-10 14:40:59,259 INFO  [main] root: tearing down the connection ...
2019-02-10 14:40:59,259 INFO  [main] root: connection closed!
2019-02-10 14:40:59,259 INFO  [main] root: try to close connection ...
2019-02-10 14:40:59,259 INFO  [main] root: tearing down the connection ...
2019-02-10 14:40:59,259 ERROR [main] root: m1-client> Error! Not connected
2019-02-10 14:41:06,184 INFO  [main] root: try to close connection ...
2019-02-10 14:41:06,184 INFO  [main] root: tearing down the connection ...
2019-02-10 14:41:06,185 INFO  [main] root: connection closed!
2019-02-10 14:43:45,052 INFO  [main] root: Connection established
2019-02-10 14:51:45,315 INFO  [main] root: Connection established
2019-02-10 14:51:59,797 INFO  [main] root: Connection established
2019-02-10 14:51:59,834 INFO  [main] root: Send message:	 '{ CommMessage Object: { Status: GET }{ key: haah }{ value: null }'
2019-02-10 14:54:10,949 ERROR [main] root: Connection lost!
2019-02-10 14:54:10,949 INFO  [main] root: tearing down the connection ...
2019-02-10 14:54:10,949 INFO  [main] root: connection closed!
2019-02-10 14:54:10,950 INFO  [main] root: try to close connection ...
2019-02-10 14:54:10,950 INFO  [main] root: tearing down the connection ...
2019-02-10 14:54:10,950 ERROR [main] root: m1-client> Error! Not connected
2019-02-10 14:54:57,601 INFO  [main] root: Connection established
2019-02-10 14:55:09,187 INFO  [main] root: Connection established
2019-02-10 14:55:09,220 INFO  [main] root: Send message:	 '{ CommMessage Object: { Status: GET }{ key: hahah }{ value: null }'
2019-02-10 14:55:21,683 INFO  [main] root: Receive message:	 '{ CommMessage Object: { Status: GET_ERROR }{ key: null }{ value: null }'
2019-02-10 14:55:21,683 INFO  [main] root: try to close connection ...
2019-02-10 14:55:21,683 INFO  [main] root: tearing down the connection ...
2019-02-10 14:55:21,683 INFO  [main] root: connection closed!
2019-02-10 14:55:21,684 ERROR [main] root: m1-client> Error! Not connected
2019-02-10 14:55:40,565 INFO  [main] root: Connection established
2019-02-10 14:55:40,566 INFO  [main] root: Send message:	 '{ CommMessage Object: { Status: GET }{ key: hahah }{ value: null }'
2019-02-10 14:56:27,404 INFO  [main] root: Connection established
2019-02-10 14:56:37,182 INFO  [main] root: Connection established
2019-02-10 14:56:37,219 INFO  [main] root: Send message:	 '{ CommMessage Object: { Status: GET }{ key: haha }{ value: null }'
2019-02-10 14:57:01,112 ERROR [main] root: m1-client> Error! Not connected
2019-02-10 14:57:08,247 INFO  [main] root: Connection established
2019-02-10 14:57:12,962 INFO  [main] root: Connection established
2019-02-10 14:57:13,003 INFO  [main] root: Send message:	 '{ CommMessage Object: { Status: GET }{ key: hahah }{ value: null }'
2019-02-10 14:57:21,515 ERROR [main] root: Connection lost!
2019-02-10 14:57:21,515 INFO  [main] root: tearing down the connection ...
2019-02-10 14:57:21,516 INFO  [main] root: connection closed!
2019-02-10 14:57:21,516 INFO  [main] root: try to close connection ...
2019-02-10 14:57:21,516 INFO  [main] root: tearing down the connection ...
2019-02-10 14:57:21,516 ERROR [main] root: m1-client> Error! Not connected
2019-02-10 14:57:32,857 INFO  [main] root: Connection established
2019-02-10 14:57:47,945 INFO  [main] root: Connection established
2019-02-10 14:57:47,947 INFO  [main] root: Send message:	 '{ CommMessage Object: { Status: GET }{ key: haah }{ value: null }'
2019-02-10 14:58:18,903 INFO  [main] root: Receive message:	 '{ CommMessage Object: { Status: GET_ERROR }{ key: null }{ value: null }'
2019-02-10 14:58:18,903 INFO  [main] root: try to close connection ...
2019-02-10 14:58:18,903 INFO  [main] root: tearing down the connection ...
2019-02-10 14:58:18,903 INFO  [main] root: connection closed!
2019-02-10 14:58:18,904 ERROR [main] root: m1-client> Error! Not connected
2019-02-10 14:58:26,315 INFO  [main] root: Connection established
2019-02-10 14:58:26,318 INFO  [main] root: Send message:	 '{ CommMessage Object: { Status: GET }{ key: hahah }{ value: null }'
2019-02-10 15:05:19,030 INFO  [main] root: Connection established
2019-02-10 15:05:26,216 INFO  [main] root: Connection established
2019-02-10 15:05:26,249 INFO  [main] root: Send message:	 '{ CommMessage Object: { Status: GET }{ key: haha }{ value: null }'
2019-02-10 15:07:23,282 INFO  [main] root: Connection established
2019-02-10 15:07:25,132 INFO  [main] root: Connection established
2019-02-10 15:07:25,163 INFO  [main] root: Send message:	 '{ CommMessage Object: { Status: GET }{ key: haha }{ value: null }'
2019-02-10 15:07:25,198 INFO  [main] root: Receive message:	 '{ CommMessage Object: { Status: GET_ERROR }{ key: null }{ value: null }'
2019-02-10 15:07:25,199 INFO  [main] root: try to close connection ...
2019-02-10 15:07:25,199 INFO  [main] root: tearing down the connection ...
2019-02-10 15:07:25,199 INFO  [main] root: connection closed!
2019-02-10 15:07:25,199 ERROR [main] root: m1-client> Error! Not connected
2019-02-10 15:07:26,636 INFO  [main] root: Connection established
2019-02-10 15:07:26,637 INFO  [main] root: Send message:	 '{ CommMessage Object: { Status: GET }{ key: haha }{ value: null }'
2019-02-10 15:07:26,640 INFO  [main] root: Receive message:	 '{ CommMessage Object: { Status: GET_ERROR }{ key: null }{ value: null }'
2019-02-10 15:07:26,640 INFO  [main] root: try to close connection ...
2019-02-10 15:07:26,640 INFO  [main] root: tearing down the connection ...
2019-02-10 15:07:26,641 INFO  [main] root: connection closed!
2019-02-10 15:07:26,641 ERROR [main] root: m1-client> Error! Not connected
2019-02-10 15:07:28,172 INFO  [main] root: Connection established
2019-02-10 15:07:28,173 INFO  [main] root: Send message:	 '{ CommMessage Object: { Status: GET }{ key: hahha }{ value: null }'
2019-02-10 15:07:28,177 INFO  [main] root: Receive message:	 '{ CommMessage Object: { Status: GET_ERROR }{ key: null }{ value: null }'
2019-02-10 15:07:28,177 INFO  [main] root: try to close connection ...
2019-02-10 15:07:28,177 INFO  [main] root: tearing down the connection ...
2019-02-10 15:07:28,177 INFO  [main] root: connection closed!
2019-02-10 15:07:28,177 ERROR [main] root: m1-client> Error! Not connected
2019-02-10 15:07:29,964 INFO  [main] root: Connection established
2019-02-10 15:07:29,965 INFO  [main] root: Send message:	 '{ CommMessage Object: { Status: GET }{ key: haha }{ value: null }'
2019-02-10 15:07:29,967 INFO  [main] root: Receive message:	 '{ CommMessage Object: { Status: GET_ERROR }{ key: null }{ value: null }'
2019-02-10 15:07:29,968 INFO  [main] root: try to close connection ...
2019-02-10 15:07:29,968 INFO  [main] root: tearing down the connection ...
2019-02-10 15:07:29,968 INFO  [main] root: connection closed!
2019-02-10 15:07:29,968 ERROR [main] root: m1-client> Error! Not connected
2019-02-10 15:07:31,492 INFO  [main] root: Connection established
2019-02-10 15:07:31,493 INFO  [main] root: Send message:	 '{ CommMessage Object: { Status: GET }{ key: haha }{ value: null }'
2019-02-10 15:07:31,496 INFO  [main] root: Receive message:	 '{ CommMessage Object: { Status: GET_ERROR }{ key: null }{ value: null }'
2019-02-10 15:07:31,496 INFO  [main] root: try to close connection ...
2019-02-10 15:07:31,496 INFO  [main] root: tearing down the connection ...
2019-02-10 15:07:31,496 INFO  [main] root: connection closed!
2019-02-10 15:07:31,496 ERROR [main] root: m1-client> Error! Not connected
2019-02-10 15:07:33,365 INFO  [main] root: Send message:	 '{ CommMessage Object: { Status: PUT }{ key: haha }{ value: null }'
2019-02-10 15:07:33,369 INFO  [main] root: Receive message:	 '{ CommMessage Object: { Status: DELETE_ERROR }{ key: haha }{ value: null }'
2019-02-10 15:07:36,725 INFO  [main] root: Send message:	 '{ CommMessage Object: { Status: PUT }{ key: haha }{ value: hehe }'
2019-02-10 15:07:36,729 INFO  [main] root: Receive message:	 '{ CommMessage Object: { Status: PUT_SUCCESS }{ key: haha }{ value: hehe }'
2019-02-10 15:07:38,564 INFO  [main] root: Connection established
2019-02-10 15:07:38,565 INFO  [main] root: Send message:	 '{ CommMessage Object: { Status: GET }{ key: haha }{ value: null }'
2019-02-10 15:07:38,568 INFO  [main] root: Receive message:	 '{ CommMessage Object: { Status: GET_SUCCESS }{ key: haha }{ value: hehe }'
2019-02-10 15:07:38,568 INFO  [main] root: try to close connection ...
2019-02-10 15:07:38,568 INFO  [main] root: tearing down the connection ...
2019-02-10 15:07:38,568 INFO  [main] root: connection closed!
2019-02-10 15:07:38,569 ERROR [main] root: m1-client> Error! Not connected
2019-02-10 15:07:51,661 INFO  [main] root: Connection established
2019-02-10 15:07:51,662 INFO  [main] root: Send message:	 '{ CommMessage Object: { Status: GET }{ key: haha }{ value: null }'
2019-02-10 15:07:51,669 INFO  [main] root: Receive message:	 '{ CommMessage Object: { Status: GET_SUCCESS }{ key: haha }{ value: hehe }'
2019-02-10 15:07:51,669 INFO  [main] root: try to close connection ...
2019-02-10 15:07:51,669 INFO  [main] root: tearing down the connection ...
2019-02-10 15:07:51,669 INFO  [main] root: connection closed!
2019-02-10 15:07:51,670 ERROR [main] root: m1-client> Error! Not connected
2019-02-10 15:07:54,389 INFO  [main] root: Send message:	 '{ CommMessage Object: { Status: PUT }{ key: haha }{ value: null }'
2019-02-10 15:07:54,399 INFO  [main] root: Receive message:	 '{ CommMessage Object: { Status: DELETE_SUCCESS }{ key: haha }{ value: null }'
2019-02-10 15:07:56,255 INFO  [main] root: Connection established
2019-02-10 15:07:56,256 INFO  [main] root: Send message:	 '{ CommMessage Object: { Status: GET }{ key: haha }{ value: null }'
2019-02-10 15:07:56,284 INFO  [main] root: Receive message:	 '{ CommMessage Object: { Status: GET_ERROR }{ key: null }{ value: null }'
2019-02-10 15:07:56,285 INFO  [main] root: try to close connection ...
2019-02-10 15:07:56,285 INFO  [main] root: tearing down the connection ...
2019-02-10 15:07:56,285 INFO  [main] root: connection closed!
2019-02-10 15:07:56,285 ERROR [main] root: m1-client> Error! Not connected
2019-02-10 15:15:19,146 INFO  [main] root: Connection established
2019-02-10 15:15:22,931 INFO  [main] root: Connection established
2019-02-10 15:15:22,964 INFO  [main] root: Send message:	 '{ CommMessage Object: { Status: PUT }{ key: haha }{ value: null }'
2019-02-10 15:15:23,000 INFO  [main] root: Receive message:	 '{ CommMessage Object: { Status: DELETE_ERROR }{ key: haha }{ value: null }'
2019-02-10 15:15:23,001 INFO  [main] root: try to close connection ...
2019-02-10 15:15:23,001 INFO  [main] root: tearing down the connection ...
2019-02-10 15:15:23,001 INFO  [main] root: connection closed!
2019-02-10 15:15:28,812 INFO  [main] root: Connection established
2019-02-10 15:15:28,813 INFO  [main] root: Send message:	 '{ CommMessage Object: { Status: PUT }{ key: haha }{ value: hehe }'
2019-02-10 15:15:28,817 INFO  [main] root: Receive message:	 '{ CommMessage Object: { Status: PUT_SUCCESS }{ key: haha }{ value: hehe }'
2019-02-10 15:15:28,817 INFO  [main] root: try to close connection ...
2019-02-10 15:15:28,818 INFO  [main] root: tearing down the connection ...
2019-02-10 15:15:28,818 INFO  [main] root: connection closed!
2019-02-10 15:15:31,997 INFO  [main] root: Send message:	 '{ CommMessage Object: { Status: GET }{ key: haha }{ value: null }'
2019-02-10 15:15:31,999 INFO  [main] root: Receive message:	 '{ CommMessage Object: { Status: GET_SUCCESS }{ key: haha }{ value: hehe }'
2019-02-10 15:15:31,999 ERROR [main] root: m1-client> Error! Not connected
2019-02-10 15:15:36,309 INFO  [main] root: Send message:	 '{ CommMessage Object: { Status: GET }{ key: haha }{ value: null }'
2019-02-10 15:15:36,311 INFO  [main] root: Receive message:	 '{ CommMessage Object: { Status: GET_SUCCESS }{ key: haha }{ value: hehe }'
2019-02-10 15:15:36,311 ERROR [main] root: m1-client> Error! Not connected
2019-02-10 15:16:11,182 INFO  [main] root: Send message:	 '{ CommMessage Object: { Status: GET }{ key: haha }{ value: null }'
2019-02-10 15:16:11,184 INFO  [main] root: Receive message:	 '{ CommMessage Object: { Status: GET_SUCCESS }{ key: haha }{ value: hehe }'
2019-02-10 15:16:11,184 ERROR [main] root: m1-client> Error! Not connected
2019-02-10 15:16:20,605 INFO  [main] root: try to close connection ...
2019-02-10 15:16:20,605 INFO  [main] root: tearing down the connection ...
2019-02-10 15:16:20,605 INFO  [main] root: connection closed!
2019-02-10 15:18:55,937 INFO  [main] root: Connection established
2019-02-10 15:19:01,066 INFO  [main] root: Connection established
2019-02-10 15:19:01,098 INFO  [main] root: Send message:	 '{ CommMessage Object: { Status: PUT }{ key: haha }{ value: null }'
2019-02-10 15:19:01,136 INFO  [main] root: Receive message:	 '{ CommMessage Object: { Status: DELETE_ERROR }{ key: haha }{ value: null }'
2019-02-10 15:19:01,136 INFO  [main] root: try to close connection ...
2019-02-10 15:19:01,136 INFO  [main] root: tearing down the connection ...
2019-02-10 15:19:01,136 INFO  [main] root: connection closed!
2019-02-10 15:19:07,219 INFO  [main] root: Connection established
2019-02-10 15:19:07,220 INFO  [main] root: Send message:	 '{ CommMessage Object: { Status: PUT }{ key: haha }{ value: hehe }'
2019-02-10 15:19:07,224 INFO  [main] root: Receive message:	 '{ CommMessage Object: { Status: PUT_SUCCESS }{ key: haha }{ value: hehe }'
2019-02-10 15:19:07,224 INFO  [main] root: try to close connection ...
2019-02-10 15:19:07,224 INFO  [main] root: tearing down the connection ...
2019-02-10 15:19:07,224 INFO  [main] root: connection closed!
2019-02-10 15:19:14,436 INFO  [main] root: Send message:	 '{ CommMessage Object: { Status: GET }{ key: haha }{ value: null }'
2019-02-10 15:19:14,438 INFO  [main] root: Receive message:	 '{ CommMessage Object: { Status: GET_SUCCESS }{ key: haha }{ value: hehe }'
2019-02-10 15:19:14,439 ERROR [main] root: m1-client> Error! [KVClient.java/HandleCommand/get]Not connected!
2019-02-10 15:20:06,483 INFO  [main] root: Connection established
2019-02-10 15:20:08,634 INFO  [main] root: Send message:	 '{ CommMessage Object: { Status: GET }{ key: haha }{ value: null }'
2019-02-10 15:20:08,671 INFO  [main] root: Receive message:	 '{ CommMessage Object: { Status: GET_ERROR }{ key: null }{ value: null }'
2019-02-10 15:20:12,836 INFO  [main] root: Connection established
2019-02-10 15:20:12,837 INFO  [main] root: Send message:	 '{ CommMessage Object: { Status: PUT }{ key: haha }{ value: null }'
2019-02-10 15:20:12,841 INFO  [main] root: Receive message:	 '{ CommMessage Object: { Status: DELETE_ERROR }{ key: haha }{ value: null }'
2019-02-10 15:20:12,841 INFO  [main] root: try to close connection ...
2019-02-10 15:20:12,842 INFO  [main] root: tearing down the connection ...
2019-02-10 15:20:12,842 INFO  [main] root: connection closed!
2019-02-10 15:20:16,110 INFO  [main] root: Send message:	 '{ CommMessage Object: { Status: GET }{ key: haha }{ value: null }'
2019-02-10 15:20:16,113 INFO  [main] root: Receive message:	 '{ CommMessage Object: { Status: GET_ERROR }{ key: null }{ value: null }'
2019-02-10 15:20:25,205 ERROR [main] root: m1-client> Error! No valid log level!
2019-02-10 15:28:36,164 INFO  [main] root: Connection established
2019-02-10 15:28:44,613 INFO  [main] root: Connection established
2019-02-10 15:28:44,651 INFO  [main] root: Send message:	 '{ CommMessage Object: { Status: PUT }{ key: haha }{ value: hehe }'
2019-02-10 15:28:44,692 INFO  [main] root: Receive message:	 '{ CommMessage Object: { Status: PUT_SUCCESS }{ key: haha }{ value: hehe }'
2019-02-10 15:28:44,692 INFO  [main] root: try to close connection ...
2019-02-10 15:28:44,692 INFO  [main] root: tearing down the connection ...
2019-02-10 15:28:44,693 INFO  [main] root: connection closed!
2019-02-10 15:28:49,054 INFO  [main] root: Connection established
2019-02-10 15:28:49,055 INFO  [main] root: Send message:	 '{ CommMessage Object: { Status: PUT }{ key: haha }{ value: haha }'
2019-02-10 15:28:49,060 INFO  [main] root: Receive message:	 '{ CommMessage Object: { Status: PUT_UPDATE }{ key: haha }{ value: haha }'
2019-02-10 15:28:49,060 INFO  [main] root: try to close connection ...
2019-02-10 15:28:49,060 INFO  [main] root: tearing down the connection ...
2019-02-10 15:28:49,060 INFO  [main] root: connection closed!
2019-02-10 15:28:51,143 INFO  [main] root: Send message:	 '{ CommMessage Object: { Status: GET }{ key: haha }{ value: null }'
2019-02-10 15:28:51,145 INFO  [main] root: Receive message:	 '{ CommMessage Object: { Status: GET_SUCCESS }{ key: haha }{ value: haha }'
2019-02-10 15:28:53,495 INFO  [main] root: Send message:	 '{ CommMessage Object: { Status: GET }{ key: haha }{ value: null }'
2019-02-10 15:28:53,497 INFO  [main] root: Receive message:	 '{ CommMessage Object: { Status: GET_SUCCESS }{ key: haha }{ value: haha }'
2019-02-10 15:28:55,079 INFO  [main] root: Send message:	 '{ CommMessage Object: { Status: GET }{ key: hehe }{ value: null }'
2019-02-10 15:28:55,082 INFO  [main] root: Receive message:	 '{ CommMessage Object: { Status: GET_ERROR }{ key: null }{ value: null }'
2019-02-10 15:28:57,559 INFO  [main] root: Send message:	 '{ CommMessage Object: { Status: GET }{ key: gg }{ value: null }'
2019-02-10 15:28:57,562 INFO  [main] root: Receive message:	 '{ CommMessage Object: { Status: GET_ERROR }{ key: null }{ value: null }'
2019-02-10 15:29:00,791 INFO  [main] root: Connection established
2019-02-10 15:29:00,791 INFO  [main] root: Send message:	 '{ CommMessage Object: { Status: PUT }{ key: haha }{ value: null }'
2019-02-10 15:29:00,795 INFO  [main] root: Receive message:	 '{ CommMessage Object: { Status: DELETE_SUCCESS }{ key: haha }{ value: null }'
2019-02-10 15:29:00,795 INFO  [main] root: try to close connection ...
2019-02-10 15:29:00,795 INFO  [main] root: tearing down the connection ...
2019-02-10 15:29:00,795 INFO  [main] root: connection closed!
2019-02-10 15:29:22,239 INFO  [main] root: try to close connection ...
2019-02-10 15:29:22,239 INFO  [main] root: tearing down the connection ...
2019-02-10 15:29:22,239 INFO  [main] root: connection closed!
2019-02-10 15:31:51,450 INFO  [main] root: Connection established
2019-02-10 15:31:54,166 INFO  [main] root: Connection established
2019-02-10 15:31:54,206 INFO  [main] root: Send message:	 '{ CommMessage Object: { Status: PUT }{ key: key1 }{ value: null }'
2019-02-10 15:31:54,255 INFO  [main] root: Receive message:	 '{ CommMessage Object: { Status: DELETE_ERROR }{ key: key1 }{ value: null }'
2019-02-10 15:31:54,255 INFO  [main] root: try to close connection ...
2019-02-10 15:31:54,255 INFO  [main] root: tearing down the connection ...
2019-02-10 15:31:54,256 INFO  [main] root: connection closed!
2019-02-10 15:31:57,316 INFO  [main] root: Connection established
2019-02-10 15:31:57,317 INFO  [main] root: Send message:	 '{ CommMessage Object: { Status: PUT }{ key: key2 }{ value: null }'
2019-02-10 15:31:57,324 INFO  [main] root: Receive message:	 '{ CommMessage Object: { Status: DELETE_ERROR }{ key: key2 }{ value: null }'
2019-02-10 15:31:57,324 INFO  [main] root: try to close connection ...
2019-02-10 15:31:57,324 INFO  [main] root: tearing down the connection ...
2019-02-10 15:31:57,324 INFO  [main] root: connection closed!
2019-02-10 15:32:02,308 INFO  [main] root: Connection established
2019-02-10 15:32:02,310 INFO  [main] root: Send message:	 '{ CommMessage Object: { Status: PUT }{ key: k1 }{ value: v1 }'
2019-02-10 15:32:02,313 INFO  [main] root: Receive message:	 '{ CommMessage Object: { Status: PUT_SUCCESS }{ key: k1 }{ value: v1 }'
2019-02-10 15:32:02,314 INFO  [main] root: try to close connection ...
2019-02-10 15:32:02,314 INFO  [main] root: tearing down the connection ...
2019-02-10 15:32:02,314 INFO  [main] root: connection closed!
2019-02-10 15:32:05,837 INFO  [main] root: Connection established
2019-02-10 15:32:05,838 INFO  [main] root: Send message:	 '{ CommMessage Object: { Status: PUT }{ key: k2 }{ value: v2 }'
2019-02-10 15:32:05,850 INFO  [main] root: Receive message:	 '{ CommMessage Object: { Status: PUT_SUCCESS }{ key: k2 }{ value: v2 }'
2019-02-10 15:32:05,850 INFO  [main] root: try to close connection ...
2019-02-10 15:32:05,850 INFO  [main] root: tearing down the connection ...
2019-02-10 15:32:05,850 INFO  [main] root: connection closed!
2019-02-10 15:32:16,269 INFO  [main] root: Connection established
2019-02-10 15:32:16,270 INFO  [main] root: Send message:	 '{ CommMessage Object: { Status: PUT }{ key: k3 }{ value: v3 }'
2019-02-10 15:32:16,275 INFO  [main] root: Receive message:	 '{ CommMessage Object: { Status: PUT_SUCCESS }{ key: k3 }{ value: v3 }'
2019-02-10 15:32:16,275 INFO  [main] root: try to close connection ...
2019-02-10 15:32:16,275 INFO  [main] root: tearing down the connection ...
2019-02-10 15:32:16,275 INFO  [main] root: connection closed!
2019-02-10 15:32:19,653 INFO  [main] root: Connection established
2019-02-10 15:32:19,654 INFO  [main] root: Send message:	 '{ CommMessage Object: { Status: PUT }{ key: k4 }{ value: v4 }'
2019-02-10 15:32:19,716 INFO  [main] root: Receive message:	 '{ CommMessage Object: { Status: PUT_SUCCESS }{ key: k4 }{ value: v4 }'
2019-02-10 15:32:19,716 INFO  [main] root: try to close connection ...
2019-02-10 15:32:19,716 INFO  [main] root: tearing down the connection ...
2019-02-10 15:32:19,717 INFO  [main] root: connection closed!
2019-02-10 18:28:47,468 INFO  [main] root: Connection established
2019-02-10 18:30:01,094 INFO  [main] root: Connection established
2019-02-10 18:30:04,146 INFO  [main] root: Send message:	 '{ CommMessage Object: { Status: SERVER_STOPPED }{ key: null }{ value: null }'
2019-02-10 18:30:37,823 INFO  [main] root: Connection established
2019-02-10 18:30:40,144 INFO  [main] root: Send message:	 '{ CommMessage Object: { Status: SERVER_STOPPED }{ key: null }{ value: null }'
2019-02-10 18:34:37,792 INFO  [main] root: Connection established
2019-02-10 18:34:41,497 INFO  [main] root: Send message:	 '{ CommMessage Object: { Status: SERVER_STOPPED }{ key: null }{ value: null } | {AdminMessage Object: SHUTDOWN} }'
2019-02-10 18:36:08,266 ERROR [main] root: m1-client> Error! Could not establish connection!
2019-02-10 18:36:08,266 WARN  [main] root: Could not establish connection!
java.net.ConnectException: Connection refused (Connection refused)
	at java.net.PlainSocketImpl.socketConnect(Native Method)
	at java.net.AbstractPlainSocketImpl.doConnect(AbstractPlainSocketImpl.java:350)
	at java.net.AbstractPlainSocketImpl.connectToAddress(AbstractPlainSocketImpl.java:206)
	at java.net.AbstractPlainSocketImpl.connect(AbstractPlainSocketImpl.java:188)
	at java.net.SocksSocketImpl.connect(SocksSocketImpl.java:392)
	at java.net.Socket.connect(Socket.java:589)
	at java.net.Socket.connect(Socket.java:538)
	at java.net.Socket.<init>(Socket.java:434)
	at java.net.Socket.<init>(Socket.java:211)
	at client.KVStore.connect(KVStore.java:128)
	at app_kvClient.KVClient.newConnection(KVClient.java:45)
	at app_kvClient.KVClient.handleCommand(KVClient.java:113)
	at app_kvClient.KVClient.run(KVClient.java:76)
	at app_kvClient.KVClient.main(KVClient.java:426)
2019-02-10 18:36:17,876 INFO  [main] root: Connection established
2019-02-10 18:36:38,669 INFO  [main] root: Send message:	 '{ CommMessage Object: { Status: SERVER_STOPPED }{ key: null }{ value: null } | {AdminMessage Object: SHUTDOWN} }'
2019-02-10 18:37:16,799 INFO  [main] root: Send message:	 '{ CommMessage Object: { Status: SERVER_STOPPED }{ key: null }{ value: null } | {AdminMessage Object: SHUTDOWN} }'
2019-02-10 18:37:32,112 ERROR [main] root: Connection lost!
2019-02-10 18:37:50,848 ERROR [main] root: Connection lost!
2019-02-10 18:38:11,441 ERROR [main] root: Connection lost!
2019-02-10 18:38:11,441 INFO  [main] root: tearing down the connection ...
2019-02-10 18:38:11,441 INFO  [main] root: connection closed!
2019-02-10 18:38:17,802 INFO  [main] root: Connection established
2019-02-10 18:39:47,440 ERROR [main] root: m1-client> Error! Unknown Host!
2019-02-10 18:39:47,440 INFO  [main] root: Unknown Host!
java.net.UnknownHostException: server
	at java.net.AbstractPlainSocketImpl.connect(AbstractPlainSocketImpl.java:184)
	at java.net.SocksSocketImpl.connect(SocksSocketImpl.java:392)
	at java.net.Socket.connect(Socket.java:589)
	at java.net.Socket.connect(Socket.java:538)
	at java.net.Socket.<init>(Socket.java:434)
	at java.net.Socket.<init>(Socket.java:211)
	at client.KVStore.connect(KVStore.java:128)
	at app_kvClient.KVClient.newConnection(KVClient.java:45)
	at app_kvClient.KVClient.handleCommand(KVClient.java:113)
	at app_kvClient.KVClient.run(KVClient.java:76)
	at app_kvClient.KVClient.main(KVClient.java:426)
2019-02-10 18:39:54,189 INFO  [main] root: Connection established
2019-02-10 18:39:56,932 INFO  [main] root: Send message:	 '{ CommMessage Object: { Status: SERVER_STOPPED }{ key: null }{ value: null } | {AdminMessage Object: SHUTDOWN} }'
2019-02-10 18:40:03,501 INFO  [main] root: Send message:	 '{ CommMessage Object: { Status: SERVER_STOPPED }{ key: null }{ value: null } | {AdminMessage Object: SHUTDOWN} }'
2019-02-10 18:40:07,372 ERROR [main] root: m1-client> Error! Unknown command
2019-02-10 18:40:09,933 ERROR [main] root: Connection lost!
2019-02-10 18:41:57,830 INFO  [main] root: Connection established
2019-02-10 18:42:01,697 INFO  [main] root: Send message:	 '{ CommMessage Object: { Status: SERVER_STOPPED }{ key: null }{ value: null } | {AdminMessage Object: SHUTDOWN} }'
