2019-01-19 14:09:21,403 INFO  [main] root: Connection established
2019-01-19 14:09:21,436 INFO  [Thread-1] root: Receive message:	 '{ CommMessage Object: { opt: GET }{ key: Connection to MSRG Echo server established: /127.0.0.1 / 5001 }{ value: null }'
2019-01-19 14:09:28,185 INFO  [main] root: Send message:	 '{ CommMessage Object: { opt: PUT }{ key: 10 }{ value: 10 }'
2019-01-19 14:09:28,188 INFO  [Thread-1] root: Receive message:	 '{ CommMessage Object: { opt: PUT }{ key: 10 }{ value: 10 }'
2019-01-19 14:09:33,944 INFO  [main] root: try to close connection ...
2019-01-19 14:09:33,944 INFO  [main] root: tearing down the connection ...
2019-01-19 14:09:33,945 INFO  [main] root: connection closed!
2019-01-19 15:34:00,956 INFO  [main] root: Send message:	 '{ CommMessage Object: { opt: PUT }{ key: 1 }{ value: 1 }'
2019-01-19 15:34:00,957 INFO  [main] root: Receive message:	 '{ CommMessage Object: { opt: PUT }{ key: 1 }{ value: 1 }'
2019-01-19 15:37:12,957 INFO  [main] root: try to close connection ...
2019-01-19 15:37:12,957 INFO  [main] root: tearing down the connection ...
2019-01-19 15:37:12,958 INFO  [main] root: connection closed!
2019-01-19 15:37:36,951 INFO  [main] root: Send message:	 '{ CommMessage Object: { Status: PUT }{ key: 2 }{ value: 2 }'
2019-01-19 15:37:36,952 INFO  [main] root: Receive message:	 '{ CommMessage Object: { Status: PUT }{ key: 2 }{ value: 2 }'
2019-01-19 15:37:41,694 INFO  [main] root: try to close connection ...
2019-01-19 15:37:41,694 INFO  [main] root: tearing down the connection ...
2019-01-19 15:37:41,694 INFO  [main] root: connection closed!
2019-01-19 15:39:48,814 INFO  [main] root: Connection established
2019-01-19 15:39:56,918 INFO  [main] root: Send message:	 '{ CommMessage Object: { Status: PUT }{ key: 19 }{ value: 19 }'
2019-01-19 15:39:56,920 INFO  [main] root: Receive message:	 '{ CommMessage Object: { Status: PUT }{ key: 19 }{ value: 19 }'
2019-01-19 15:41:03,728 INFO  [main] root: try to close connection ...
2019-01-19 15:41:03,728 INFO  [main] root: tearing down the connection ...
2019-01-19 15:41:03,728 INFO  [main] root: connection closed!
