2019-02-08 14:21:57,053 INFO  [Thread-0] root: Initialize server ...
2019-02-08 14:21:57,055 INFO  [Thread-0] root: Server listening on port: 5000
2019-02-08 14:22:32,547 INFO  [Thread-0] root: Connected to localhost on port 50308
2019-02-08 14:22:41,301 INFO  [Thread-1] root: Receive message:	 '{ CommMessage Object: { Status: PUT }{ key: haha }{ value: lol }'
2019-02-08 14:22:41,305 INFO  [Thread-1] root: Send message:	 '{ CommMessage Object: { Status: PUT_SUCCESS }{ key: haha }{ value: lol }'
2019-02-08 14:22:45,781 INFO  [Thread-1] root: Receive message:	 '{ CommMessage Object: { Status: GET }{ key: haha }{ value: null }'
2019-02-08 14:22:45,782 INFO  [Thread-1] root: Send message:	 '{ CommMessage Object: { Status: GET_SUCCESS }{ key: haha }{ value: lol }'
2019-02-08 14:22:52,733 INFO  [Thread-1] root: Receive message:	 '{ CommMessage Object: { Status: PUT }{ key: haha }{ value: null }'
2019-02-08 14:22:52,735 INFO  [Thread-1] root: Send message:	 '{ CommMessage Object: { Status: DELETE_SUCCESS }{ key: haha }{ value: null }'
2019-02-08 14:22:55,589 INFO  [Thread-1] root: Receive message:	 '{ CommMessage Object: { Status: GET }{ key: haha }{ value: null }'
2019-02-08 14:22:55,590 INFO  [Thread-1] root: Send message:	 '{ CommMessage Object: { Status: GET_SUCCESS }{ key: haha }{ value:  }'
2019-02-08 14:31:05,252 INFO  [Thread-1] root: Receive message:	 '{ CommMessage Object: { Status: GET }{ key: haha }{ value: null }'
2019-02-08 14:31:05,253 INFO  [Thread-1] root: Send message:	 '{ CommMessage Object: { Status: GET_SUCCESS }{ key: haha }{ value:  }'
2019-02-08 14:43:41,552 INFO  [Thread-0] root: Initialize server ...
2019-02-08 14:43:41,555 INFO  [Thread-0] root: Server listening on port: 5000
2019-02-08 14:43:50,545 INFO  [Thread-0] root: Connected to localhost on port 50458
2019-02-08 14:44:07,506 INFO  [Thread-1] root: Receive message:	 '{ CommMessage Object: { Status: GET }{ key: haha }{ value: null }'
2019-02-08 14:44:07,511 INFO  [Thread-1] root: Send message:	 '{ CommMessage Object: { Status: GET_SUCCESS }{ key: haha }{ value:  }'
2019-02-08 14:44:45,386 INFO  [Thread-1] root: Receive message:	 '{ CommMessage Object: { Status: PUT }{ key: haha }{ value: null }'
2019-02-08 14:44:45,388 INFO  [Thread-1] root: Send message:	 '{ CommMessage Object: { Status: DELETE_SUCCESS }{ key: haha }{ value: null }'
2019-02-08 14:44:50,809 INFO  [Thread-1] root: Receive message:	 '{ CommMessage Object: { Status: GET }{ key: haha }{ value: null }'
2019-02-08 14:44:50,811 INFO  [Thread-1] root: Send message:	 '{ CommMessage Object: { Status: GET_ERROR }{ key: null }{ value: null }'
2019-02-09 22:45:29,168 INFO  [Thread-0] root: Initialize server ...
2019-02-09 22:45:29,170 INFO  [Thread-0] root: Server listening on port: 5000
2019-02-09 22:46:08,452 INFO  [Thread-0] root: Connected to localhost on port 54238
2019-02-09 22:46:13,373 INFO  [Thread-1] root: Receive message:	 '{ CommMessage Object: { Status: PUT }{ key: hah }{ value: hehe }'
2019-02-09 22:46:13,377 INFO  [Thread-1] root: Send message:	 '{ CommMessage Object: { Status: PUT_SUCCESS }{ key: hah }{ value: hehe }'
2019-02-09 22:46:15,837 INFO  [Thread-1] root: Receive message:	 '{ CommMessage Object: { Status: GET }{ key: haha }{ value: null }'
2019-02-09 22:46:15,838 INFO  [Thread-1] root: Send message:	 '{ CommMessage Object: { Status: GET_ERROR }{ key: null }{ value: null }'
2019-02-09 22:47:10,214 INFO  [Thread-0] root: Initialize server ...
2019-02-09 22:47:10,216 INFO  [Thread-0] root: Server listening on port: 5000
2019-02-09 22:47:30,810 INFO  [Thread-0] root: Connected to localhost on port 54244
2019-02-09 22:47:35,138 INFO  [Thread-1] root: Receive message:	 '{ CommMessage Object: { Status: PUT }{ key: haha }{ value: hehe }'
2019-02-09 22:47:35,143 INFO  [Thread-1] root: Send message:	 '{ CommMessage Object: { Status: PUT_SUCCESS }{ key: haha }{ value: hehe }'
2019-02-09 22:47:37,583 INFO  [Thread-1] root: Receive message:	 '{ CommMessage Object: { Status: GET }{ key: haha }{ value: null }'
2019-02-09 22:47:37,584 INFO  [Thread-1] root: Send message:	 '{ CommMessage Object: { Status: GET_SUCCESS }{ key: haha }{ value: hehe }'
2019-02-09 22:47:47,151 INFO  [Thread-1] root: Receive message:	 '{ CommMessage Object: { Status: PUT }{ key: haha }{ value: null }'
2019-02-09 22:47:47,155 INFO  [Thread-1] root: Send message:	 '{ CommMessage Object: { Status: DELETE_SUCCESS }{ key: haha }{ value: null }'
2019-02-09 22:47:49,647 INFO  [Thread-1] root: Receive message:	 '{ CommMessage Object: { Status: GET }{ key: haha }{ value: null }'
2019-02-09 22:47:49,648 INFO  [Thread-1] root: Send message:	 '{ CommMessage Object: { Status: GET_ERROR }{ key: null }{ value: null }'
2019-02-09 22:48:29,432 INFO  [Thread-1] root: Receive message:	 '{ CommMessage Object: { Status: PUT }{ key: haha }{ value: null }'
2019-02-09 22:48:29,433 INFO  [Thread-1] root: Send message:	 '{ CommMessage Object: { Status: PUT_ERROR }{ key: null }{ value: null }'
2019-02-09 22:48:36,496 INFO  [Thread-1] root: Receive message:	 '{ CommMessage Object: { Status: PUT }{ key: haha }{ value: hehe }'
2019-02-09 22:48:36,497 INFO  [Thread-1] root: Send message:	 '{ CommMessage Object: { Status: PUT_SUCCESS }{ key: haha }{ value: hehe }'
2019-02-09 22:48:50,056 INFO  [Thread-1] root: Receive message:	 '{ CommMessage Object: { Status: GET }{ key: haha }{ value: null }'
2019-02-09 22:48:50,057 INFO  [Thread-1] root: Send message:	 '{ CommMessage Object: { Status: GET_SUCCESS }{ key: haha }{ value: hehe }'
2019-02-09 22:49:50,314 INFO  [Thread-1] root: Receive message:	 '{ CommMessage Object: { Status: PUT }{ key: this }{ value: that }'
2019-02-09 22:49:50,315 INFO  [Thread-1] root: Send message:	 '{ CommMessage Object: { Status: PUT_SUCCESS }{ key: this }{ value: that }'
2019-02-09 22:49:51,986 INFO  [Thread-1] root: Receive message:	 '{ CommMessage Object: { Status: GET }{ key: this }{ value: null }'
2019-02-09 22:49:51,986 INFO  [Thread-1] root: Send message:	 '{ CommMessage Object: { Status: GET_SUCCESS }{ key: this }{ value: that }'
2019-02-09 22:50:22,425 INFO  [Thread-0] root: Initialize server ...
2019-02-09 22:50:22,427 INFO  [Thread-0] root: Server listening on port: 5000
2019-02-09 22:50:30,000 INFO  [Thread-0] root: Connected to localhost on port 54264
2019-02-09 22:50:35,568 INFO  [Thread-1] root: Receive message:	 '{ CommMessage Object: { Status: PUT }{ key: thah }{ value: thhh }'
2019-02-09 22:50:35,572 INFO  [Thread-1] root: Send message:	 '{ CommMessage Object: { Status: PUT_SUCCESS }{ key: thah }{ value: thhh }'
2019-02-09 22:50:38,635 INFO  [Thread-1] root: Receive message:	 '{ CommMessage Object: { Status: GET }{ key: thah }{ value: null }'
2019-02-09 22:50:38,636 INFO  [Thread-1] root: Send message:	 '{ CommMessage Object: { Status: GET_SUCCESS }{ key: thah }{ value: thhh }'
2019-02-09 22:51:17,540 INFO  [Thread-0] root: Initialize server ...
2019-02-09 22:51:17,542 INFO  [Thread-0] root: Server listening on port: 5000
2019-02-09 22:51:25,286 INFO  [Thread-0] root: Connected to localhost on port 54270
2019-02-09 22:51:32,341 INFO  [Thread-1] root: Receive message:	 '{ CommMessage Object: { Status: GET }{ key: thah }{ value: null }'
2019-02-09 22:51:32,347 INFO  [Thread-1] root: Send message:	 '{ CommMessage Object: { Status: GET_ERROR }{ key: null }{ value: null }'
2019-02-09 23:00:42,888 INFO  [Thread-0] root: Initialize server ...
2019-02-09 23:00:42,891 INFO  [Thread-0] root: Server listening on port: 5000
2019-02-09 23:00:52,560 INFO  [Thread-0] root: Connected to localhost on port 54406
2019-02-09 23:01:02,866 INFO  [Thread-1] root: Receive message:	 '{ CommMessage Object: { Status: PUT }{ key: key }{ value: value }'
2019-02-09 23:01:02,871 INFO  [Thread-1] root: Send message:	 '{ CommMessage Object: { Status: PUT_SUCCESS }{ key: key }{ value: value }'
2019-02-09 23:01:04,739 INFO  [Thread-1] root: Receive message:	 '{ CommMessage Object: { Status: GET }{ key: key }{ value: null }'
2019-02-09 23:01:04,740 INFO  [Thread-1] root: Send message:	 '{ CommMessage Object: { Status: GET_SUCCESS }{ key: key }{ value: value }'
2019-02-09 23:06:14,873 INFO  [Thread-0] root: Initialize server ...
2019-02-09 23:06:14,875 INFO  [Thread-0] root: Server listening on port: 5000
2019-02-09 23:06:21,826 INFO  [Thread-0] root: Connected to localhost on port 54432
2019-02-09 23:07:49,766 INFO  [Thread-0] root: Initialize server ...
2019-02-09 23:07:49,769 INFO  [Thread-0] root: Server listening on port: 5000
2019-02-09 23:07:56,163 INFO  [Thread-0] root: Connected to localhost on port 54438
2019-02-09 23:10:03,599 INFO  [Thread-0] root: Initialize server ...
2019-02-09 23:10:03,601 INFO  [Thread-0] root: Server listening on port: 5000
2019-02-09 23:10:10,168 INFO  [Thread-0] root: Connected to localhost on port 54454
2019-02-09 23:14:19,915 INFO  [Thread-0] root: Initialize server ...
2019-02-09 23:14:19,917 INFO  [Thread-0] root: Server listening on port: 5000
2019-02-09 23:16:16,573 INFO  [Thread-0] root: Initialize server ...
2019-02-09 23:16:16,576 INFO  [Thread-0] root: Server listening on port: 5000
2019-02-09 23:16:35,924 INFO  [Thread-0] root: Connected to localhost on port 54486
2019-02-09 23:21:59,890 INFO  [Thread-0] root: Initialize server ...
2019-02-09 23:21:59,892 INFO  [Thread-0] root: Server listening on port: 5000
2019-02-09 23:22:05,701 INFO  [Thread-0] root: Connected to localhost on port 54512
2019-02-09 23:23:13,205 INFO  [Thread-0] root: Connected to localhost on port 54524
2019-02-09 23:23:41,045 INFO  [Thread-0] root: Connected to localhost on port 54530
2019-02-09 23:26:24,265 INFO  [Thread-0] root: Initialize server ...
2019-02-09 23:26:24,267 INFO  [Thread-0] root: Server listening on port: 5000
2019-02-09 23:26:36,710 INFO  [Thread-0] root: Connected to localhost on port 54542
2019-02-09 23:26:38,879 INFO  [Thread-0] root: Connected to localhost on port 54544
2019-02-09 23:26:38,939 INFO  [Thread-2] root: Receive message:	 '{ CommMessage Object: { Status: GET }{ key: haha }{ value: null }'
2019-02-09 23:26:38,943 INFO  [Thread-2] root: Send message:	 '{ CommMessage Object: { Status: GET_ERROR }{ key: null }{ value: null }'
2019-02-09 23:28:41,445 INFO  [Thread-0] root: Connected to localhost on port 54556
2019-02-09 23:28:52,636 INFO  [Thread-0] root: Connected to localhost on port 54558
2019-02-09 23:28:54,745 INFO  [Thread-4] root: Receive message:	 '{ CommMessage Object: { Status: GET }{ key: haha }{ value: null }'
2019-02-09 23:29:26,436 INFO  [Thread-0] root: Initialize server ...
2019-02-09 23:29:26,438 INFO  [Thread-0] root: Server listening on port: 5000
2019-02-09 23:29:39,525 INFO  [Thread-0] root: Connected to localhost on port 54560
2019-02-09 23:29:41,247 INFO  [Thread-0] root: Connected to localhost on port 54566
2019-02-09 23:29:41,322 INFO  [Thread-2] root: Receive message:	 '{ CommMessage Object: { Status: GET }{ key: hha }{ value: null }'
2019-02-09 23:29:41,326 INFO  [Thread-2] root: Send message:	 '{ CommMessage Object: { Status: GET_ERROR }{ key: null }{ value: null }'
2019-02-09 23:30:01,775 INFO  [Thread-0] root: Connected to localhost on port 54572
2019-02-09 23:30:18,164 INFO  [Thread-0] root: Connected to localhost on port 54574
2019-02-09 23:30:18,221 INFO  [Thread-4] root: Receive message:	 '{ CommMessage Object: { Status: GET }{ key: haha }{ value: null }'
2019-02-09 23:31:35,363 INFO  [Thread-0] root: Connected to localhost on port 54592
2019-02-09 23:31:37,189 INFO  [Thread-0] root: Connected to localhost on port 54594
2019-02-09 23:31:37,246 INFO  [Thread-6] root: Receive message:	 '{ CommMessage Object: { Status: GET }{ key: haha }{ value: null }'
2019-02-09 23:32:09,846 INFO  [Thread-0] root: Initialize server ...
2019-02-09 23:32:09,848 INFO  [Thread-0] root: Server listening on port: 5000
2019-02-09 23:32:24,280 INFO  [Thread-0] root: Connected to localhost on port 54600
2019-02-09 23:32:26,077 INFO  [Thread-0] root: Connected to localhost on port 54602
2019-02-09 23:32:26,160 INFO  [Thread-2] root: Receive message:	 '{ CommMessage Object: { Status: GET }{ key: haha }{ value: null }'
2019-02-09 23:32:26,164 INFO  [Thread-2] root: Send message:	 '{ CommMessage Object: { Status: GET_ERROR }{ key: null }{ value: null }'
2019-02-09 23:33:12,288 INFO  [Thread-0] root: Initialize server ...
2019-02-09 23:33:12,290 INFO  [Thread-0] root: Server listening on port: 5000
2019-02-09 23:33:19,694 INFO  [Thread-0] root: Connected to localhost on port 54612
2019-02-09 23:33:26,842 INFO  [Thread-0] root: Connected to localhost on port 54614
2019-02-09 23:33:26,910 INFO  [Thread-2] root: Receive message:	 '{ CommMessage Object: { Status: GET }{ key: haha }{ value: null }'
2019-02-09 23:33:26,913 INFO  [Thread-2] root: Send message:	 '{ CommMessage Object: { Status: GET_ERROR }{ key: null }{ value: null }'
2019-02-09 23:35:43,867 INFO  [Thread-0] root: Initialize server ...
2019-02-09 23:35:43,869 INFO  [Thread-0] root: Server listening on port: 5000
2019-02-09 23:35:55,230 INFO  [Thread-0] root: Connected to localhost on port 54632
2019-02-09 23:35:56,723 INFO  [Thread-0] root: Connected to localhost on port 54634
2019-02-09 23:35:56,809 INFO  [Thread-2] root: Receive message:	 '{ CommMessage Object: { Status: GET }{ key: haha }{ value: null }'
2019-02-09 23:35:56,813 INFO  [Thread-2] root: Send message:	 '{ CommMessage Object: { Status: GET_ERROR }{ key: null }{ value: null }'
2019-02-09 23:36:31,148 INFO  [Thread-0] root: Connected to localhost on port 54644
2019-02-09 23:37:12,985 INFO  [Thread-0] root: Connected to localhost on port 54650
2019-02-09 23:37:22,473 INFO  [Thread-0] root: Connected to localhost on port 54652
2019-02-09 23:37:27,611 INFO  [Thread-5] root: Receive message:	 '{ CommMessage Object: { Status: GET }{ key: haha }{ value: null }'
2019-02-09 23:37:52,090 INFO  [Thread-0] root: Connected to localhost on port 54658
2019-02-09 23:38:03,018 INFO  [Thread-0] root: Connected to localhost on port 54664
2019-02-09 23:38:07,330 INFO  [Thread-7] root: Receive message:	 '{ CommMessage Object: { Status: GET }{ key: haha }{ value: null }'
2019-02-09 23:41:25,903 INFO  [Thread-0] root: Initialize server ...
2019-02-09 23:41:25,905 INFO  [Thread-0] root: Server listening on port: 5000
2019-02-09 23:41:31,663 INFO  [Thread-0] root: Connected to localhost on port 54686
2019-02-09 23:41:35,374 INFO  [Thread-0] root: Connected to localhost on port 54688
2019-02-09 23:41:35,433 INFO  [Thread-2] root: Receive message:	 '{ CommMessage Object: { Status: GET }{ key: haha }{ value: null }'
2019-02-09 23:41:35,437 INFO  [Thread-2] root: Send message:	 '{ CommMessage Object: { Status: GET_ERROR }{ key: null }{ value: null }'
2019-02-09 23:41:43,264 INFO  [Thread-1] root: Receive message:	 '{ CommMessage Object: { Status: PUT }{ key: haha }{ value: haha }'
2019-02-09 23:42:35,277 INFO  [Thread-0] root: Initialize server ...
2019-02-09 23:42:35,280 INFO  [Thread-0] root: Server listening on port: 5000
2019-02-09 23:42:47,641 INFO  [Thread-0] root: Connected to localhost on port 54698
2019-02-09 23:42:50,234 INFO  [Thread-1] root: Receive message:	 '{ CommMessage Object: { Status: PUT }{ key: haha }{ value: heh }'
2019-02-09 23:42:50,239 INFO  [Thread-1] root: Send message:	 '{ CommMessage Object: { Status: PUT_SUCCESS }{ key: haha }{ value: heh }'
2019-02-09 23:42:52,631 INFO  [Thread-0] root: Connected to localhost on port 54700
2019-02-09 23:42:52,633 INFO  [Thread-2] root: Receive message:	 '{ CommMessage Object: { Status: GET }{ key: haha }{ value: null }'
2019-02-09 23:42:52,633 INFO  [Thread-2] root: Send message:	 '{ CommMessage Object: { Status: GET_SUCCESS }{ key: haha }{ value: heh }'
2019-02-10 14:19:22,650 INFO  [Thread-0] root: Initialize server ...
2019-02-10 14:19:22,653 INFO  [Thread-0] root: Server listening on port: 5000
2019-02-10 14:19:42,344 INFO  [Thread-0] root: Connected to localhost on port 38754
2019-02-10 14:19:46,387 INFO  [Thread-1] root: Receive message:	 '{ CommMessage Object: { Status: PUT }{ key: haha }{ value: hehe }'
2019-02-10 14:19:46,391 INFO  [Thread-1] root: Send message:	 '{ CommMessage Object: { Status: PUT_SUCCESS }{ key: haha }{ value: hehe }'
2019-02-10 14:19:48,230 INFO  [Thread-0] root: Connected to localhost on port 38756
2019-02-10 14:19:48,231 INFO  [Thread-2] root: Receive message:	 '{ CommMessage Object: { Status: GET }{ key: haha }{ value: null }'
2019-02-10 14:19:48,232 INFO  [Thread-2] root: Send message:	 '{ CommMessage Object: { Status: GET_SUCCESS }{ key: haha }{ value: hehe }'
2019-02-10 14:19:55,832 INFO  [Thread-0] root: Connected to localhost on port 38758
2019-02-10 14:19:55,833 INFO  [Thread-3] root: Receive message:	 '{ CommMessage Object: { Status: GET }{ key: haha }{ value: null }'
2019-02-10 14:19:55,834 INFO  [Thread-3] root: Send message:	 '{ CommMessage Object: { Status: GET_SUCCESS }{ key: haha }{ value: hehe }'
2019-02-10 14:19:59,968 INFO  [Thread-0] root: Connected to localhost on port 38760
2019-02-10 14:19:59,969 INFO  [Thread-4] root: Receive message:	 '{ CommMessage Object: { Status: GET }{ key: hh }{ value: null }'
2019-02-10 14:19:59,970 INFO  [Thread-4] root: Send message:	 '{ CommMessage Object: { Status: GET_ERROR }{ key: null }{ value: null }'
2019-02-10 14:20:09,424 INFO  [Thread-0] root: Connected to localhost on port 38762
2019-02-10 14:20:09,425 INFO  [Thread-5] root: Receive message:	 '{ CommMessage Object: { Status: GET }{ key: aaaaa }{ value: null }'
2019-02-10 14:20:34,193 INFO  [Thread-0] root: Connected to localhost on port 38766
2019-02-10 14:20:41,315 INFO  [Thread-0] root: Connected to localhost on port 38768
2019-02-10 14:20:41,353 INFO  [Thread-7] root: Receive message:	 '{ CommMessage Object: { Status: GET }{ key: aaa }{ value: null }'
2019-02-10 14:21:05,029 INFO  [Thread-0] root: Connected to localhost on port 38770
2019-02-10 14:21:22,732 INFO  [Thread-0] root: Connected to localhost on port 38772
2019-02-10 14:21:22,773 INFO  [Thread-9] root: Receive message:	 '{ CommMessage Object: { Status: GET }{ key: haha }{ value: null }'
2019-02-10 14:22:00,176 INFO  [Thread-0] root: Initialize server ...
2019-02-10 14:22:00,179 INFO  [Thread-0] root: Server listening on port: 5000
2019-02-10 14:22:07,925 INFO  [Thread-0] root: Connected to localhost on port 38782
2019-02-10 14:22:10,627 INFO  [Thread-0] root: Connected to localhost on port 38784
2019-02-10 14:22:10,687 INFO  [Thread-2] root: Receive message:	 '{ CommMessage Object: { Status: GET }{ key: aaaa }{ value: null }'
2019-02-10 14:22:10,691 INFO  [Thread-2] root: Send message:	 '{ CommMessage Object: { Status: GET_ERROR }{ key: null }{ value: null }'
2019-02-10 14:22:17,636 INFO  [Thread-0] root: Connected to localhost on port 38786
2019-02-10 14:22:17,638 INFO  [Thread-3] root: Receive message:	 '{ CommMessage Object: { Status: GET }{ key: aaaa }{ value: null }'
2019-02-10 14:23:17,292 INFO  [Thread-0] root: Initialize server ...
2019-02-10 14:23:17,294 INFO  [Thread-0] root: Server listening on port: 5000
2019-02-10 14:24:00,368 INFO  [Thread-0] root: Connected to localhost on port 38798
2019-02-10 14:24:03,049 INFO  [Thread-1] root: Receive message:	 '{ CommMessage Object: { Status: GET }{ key: aaa }{ value: null }'
2019-02-10 14:24:03,053 INFO  [Thread-1] root: Send message:	 '{ CommMessage Object: { Status: GET_ERROR }{ key: null }{ value: null }'
2019-02-10 14:24:04,568 INFO  [Thread-1] root: Receive message:	 '{ CommMessage Object: { Status: GET }{ key: aaaa }{ value: null }'
2019-02-10 14:24:04,569 INFO  [Thread-1] root: Send message:	 '{ CommMessage Object: { Status: GET_ERROR }{ key: null }{ value: null }'
2019-02-10 14:24:07,712 INFO  [Thread-1] root: Receive message:	 '{ CommMessage Object: { Status: GET }{ key: aaa }{ value: null }'
2019-02-10 14:24:07,713 INFO  [Thread-1] root: Send message:	 '{ CommMessage Object: { Status: GET_ERROR }{ key: null }{ value: null }'
2019-02-10 14:24:09,200 INFO  [Thread-1] root: Receive message:	 '{ CommMessage Object: { Status: GET }{ key: aaaa }{ value: null }'
2019-02-10 14:24:09,201 INFO  [Thread-1] root: Send message:	 '{ CommMessage Object: { Status: GET_ERROR }{ key: null }{ value: null }'
2019-02-10 14:24:11,753 INFO  [Thread-1] root: Receive message:	 '{ CommMessage Object: { Status: PUT }{ key: aaaa }{ value: null }'
2019-02-10 14:24:11,755 INFO  [Thread-1] root: Send message:	 '{ CommMessage Object: { Status: DELETE_ERROR }{ key: aaaa }{ value: null }'
2019-02-10 14:24:17,025 INFO  [Thread-1] root: Receive message:	 '{ CommMessage Object: { Status: PUT }{ key: aaa }{ value: a bbb }'
2019-02-10 14:24:17,027 INFO  [Thread-1] root: Send message:	 '{ CommMessage Object: { Status: PUT_SUCCESS }{ key: aaa }{ value: a bbb }'
2019-02-10 14:24:21,617 INFO  [Thread-1] root: Receive message:	 '{ CommMessage Object: { Status: GET }{ key: aaa }{ value: null }'
2019-02-10 14:24:21,618 INFO  [Thread-1] root: Send message:	 '{ CommMessage Object: { Status: GET_SUCCESS }{ key: aaa }{ value: a bbb }'
2019-02-10 14:24:23,521 INFO  [Thread-1] root: Receive message:	 '{ CommMessage Object: { Status: GET }{ key: aaaa }{ value: null }'
2019-02-10 14:24:23,522 INFO  [Thread-1] root: Send message:	 '{ CommMessage Object: { Status: GET_ERROR }{ key: null }{ value: null }'
2019-02-10 14:24:32,841 INFO  [Thread-1] root: Receive message:	 '{ CommMessage Object: { Status: GET }{ key: aaa }{ value: null }'
2019-02-10 14:24:32,842 INFO  [Thread-1] root: Send message:	 '{ CommMessage Object: { Status: GET_SUCCESS }{ key: aaa }{ value: a bbb }'
2019-02-10 14:24:35,017 INFO  [Thread-1] root: Receive message:	 '{ CommMessage Object: { Status: PUT }{ key: aaa }{ value: null }'
2019-02-10 14:24:35,019 INFO  [Thread-1] root: Send message:	 '{ CommMessage Object: { Status: DELETE_SUCCESS }{ key: aaa }{ value: null }'
2019-02-10 14:33:36,784 INFO  [Thread-0] root: Initialize server ...
2019-02-10 14:33:36,786 INFO  [Thread-0] root: Server listening on port: 5000
2019-02-10 14:33:44,011 INFO  [Thread-0] root: Connected to localhost on port 38830
2019-02-10 14:33:47,560 INFO  [Thread-1] root: Receive message:	 '{ CommMessage Object: { Status: PUT }{ key: haha }{ value: null }'
2019-02-10 14:33:47,566 INFO  [Thread-1] root: Send message:	 '{ CommMessage Object: { Status: DELETE_ERROR }{ key: haha }{ value: null }'
2019-02-10 14:33:49,561 INFO  [Thread-0] root: Connected to localhost on port 38832
2019-02-10 14:33:49,563 INFO  [Thread-2] root: Receive message:	 '{ CommMessage Object: { Status: GET }{ key: haha }{ value: null }'
2019-02-10 14:33:49,564 INFO  [Thread-2] root: Send message:	 '{ CommMessage Object: { Status: GET_ERROR }{ key: null }{ value: null }'
2019-02-10 14:35:28,376 INFO  [Thread-0] root: Connected to localhost on port 38840
2019-02-10 14:35:28,376 INFO  [Thread-3] root: Receive message:	 '{ CommMessage Object: { Status: GET }{ key: jhahah }{ value: null }'
2019-02-10 14:50:59,162 INFO  [Thread-0] root: Initialize server ...
2019-02-10 14:50:59,165 ERROR [Thread-0] root: Error! Cannot open server socket:
2019-02-10 14:50:59,165 ERROR [Thread-0] root: Port 5000 is already bound!
2019-02-10 14:50:59,167 INFO  [Thread-0] root: Server stopped.
2019-02-10 15:07:15,954 INFO  [Thread-0] root: Initialize server ...
2019-02-10 15:07:15,956 INFO  [Thread-0] root: Server listening on port: 5000
2019-02-10 15:07:23,285 INFO  [Thread-0] root: Connected to localhost on port 39016
2019-02-10 15:07:25,133 INFO  [Thread-0] root: Connected to localhost on port 39018
2019-02-10 15:07:25,192 INFO  [Thread-2] root: Receive message:	 '{ CommMessage Object: { Status: GET }{ key: haha }{ value: null }'
2019-02-10 15:07:25,196 INFO  [Thread-2] root: Send message:	 '{ CommMessage Object: { Status: GET_ERROR }{ key: null }{ value: null }'
2019-02-10 15:07:26,637 INFO  [Thread-0] root: Connected to localhost on port 39020
2019-02-10 15:07:26,639 INFO  [Thread-3] root: Receive message:	 '{ CommMessage Object: { Status: GET }{ key: haha }{ value: null }'
2019-02-10 15:07:26,640 INFO  [Thread-3] root: Send message:	 '{ CommMessage Object: { Status: GET_ERROR }{ key: null }{ value: null }'
2019-02-10 15:07:28,175 INFO  [Thread-0] root: Connected to localhost on port 39022
2019-02-10 15:07:28,175 INFO  [Thread-4] root: Receive message:	 '{ CommMessage Object: { Status: GET }{ key: hahha }{ value: null }'
2019-02-10 15:07:28,176 INFO  [Thread-4] root: Send message:	 '{ CommMessage Object: { Status: GET_ERROR }{ key: null }{ value: null }'
2019-02-10 15:07:29,965 INFO  [Thread-0] root: Connected to localhost on port 39024
2019-02-10 15:07:29,966 INFO  [Thread-5] root: Receive message:	 '{ CommMessage Object: { Status: GET }{ key: haha }{ value: null }'
2019-02-10 15:07:29,967 INFO  [Thread-5] root: Send message:	 '{ CommMessage Object: { Status: GET_ERROR }{ key: null }{ value: null }'
2019-02-10 15:07:31,493 INFO  [Thread-0] root: Connected to localhost on port 39026
2019-02-10 15:07:31,494 INFO  [Thread-6] root: Receive message:	 '{ CommMessage Object: { Status: GET }{ key: haha }{ value: null }'
2019-02-10 15:07:31,495 INFO  [Thread-6] root: Send message:	 '{ CommMessage Object: { Status: GET_ERROR }{ key: null }{ value: null }'
2019-02-10 15:07:33,366 INFO  [Thread-1] root: Receive message:	 '{ CommMessage Object: { Status: PUT }{ key: haha }{ value: null }'
2019-02-10 15:07:33,368 INFO  [Thread-1] root: Send message:	 '{ CommMessage Object: { Status: DELETE_ERROR }{ key: haha }{ value: null }'
2019-02-10 15:07:36,726 INFO  [Thread-1] root: Receive message:	 '{ CommMessage Object: { Status: PUT }{ key: haha }{ value: hehe }'
2019-02-10 15:07:36,729 INFO  [Thread-1] root: Send message:	 '{ CommMessage Object: { Status: PUT_SUCCESS }{ key: haha }{ value: hehe }'
2019-02-10 15:07:38,565 INFO  [Thread-0] root: Connected to localhost on port 39028
2019-02-10 15:07:38,567 INFO  [Thread-7] root: Receive message:	 '{ CommMessage Object: { Status: GET }{ key: haha }{ value: null }'
2019-02-10 15:07:38,569 INFO  [Thread-7] root: Send message:	 '{ CommMessage Object: { Status: GET_SUCCESS }{ key: haha }{ value: hehe }'
2019-02-10 15:07:51,662 INFO  [Thread-0] root: Connected to localhost on port 39030
2019-02-10 15:07:51,666 INFO  [Thread-8] root: Receive message:	 '{ CommMessage Object: { Status: GET }{ key: haha }{ value: null }'
2019-02-10 15:07:51,673 INFO  [Thread-8] root: Send message:	 '{ CommMessage Object: { Status: GET_SUCCESS }{ key: haha }{ value: hehe }'
2019-02-10 15:07:54,391 INFO  [Thread-1] root: Receive message:	 '{ CommMessage Object: { Status: PUT }{ key: haha }{ value: null }'
2019-02-10 15:07:54,394 INFO  [Thread-1] root: Send message:	 '{ CommMessage Object: { Status: DELETE_SUCCESS }{ key: haha }{ value: null }'
2019-02-10 15:07:56,269 INFO  [Thread-0] root: Connected to localhost on port 39032
2019-02-10 15:07:56,271 INFO  [Thread-9] root: Receive message:	 '{ CommMessage Object: { Status: GET }{ key: haha }{ value: null }'
2019-02-10 15:07:56,284 INFO  [Thread-9] root: Send message:	 '{ CommMessage Object: { Status: GET_ERROR }{ key: null }{ value: null }'
2019-02-10 15:15:14,455 INFO  [Thread-0] root: Initialize server ...
2019-02-10 15:15:14,458 INFO  [Thread-0] root: Server listening on port: 5000
2019-02-10 15:15:19,149 INFO  [Thread-0] root: Connected to localhost on port 39082
2019-02-10 15:15:22,932 INFO  [Thread-0] root: Connected to localhost on port 39084
2019-02-10 15:15:22,993 INFO  [Thread-2] root: Receive message:	 '{ CommMessage Object: { Status: PUT }{ key: haha }{ value: null }'
2019-02-10 15:15:22,998 INFO  [Thread-2] root: Send message:	 '{ CommMessage Object: { Status: DELETE_ERROR }{ key: haha }{ value: null }'
2019-02-10 15:15:28,813 INFO  [Thread-0] root: Connected to localhost on port 39086
2019-02-10 15:15:28,815 INFO  [Thread-3] root: Receive message:	 '{ CommMessage Object: { Status: PUT }{ key: haha }{ value: hehe }'
2019-02-10 15:15:28,817 INFO  [Thread-3] root: Send message:	 '{ CommMessage Object: { Status: PUT_SUCCESS }{ key: haha }{ value: hehe }'
2019-02-10 15:15:31,998 INFO  [Thread-1] root: Receive message:	 '{ CommMessage Object: { Status: GET }{ key: haha }{ value: null }'
2019-02-10 15:15:31,999 INFO  [Thread-1] root: Send message:	 '{ CommMessage Object: { Status: GET_SUCCESS }{ key: haha }{ value: hehe }'
2019-02-10 15:15:36,310 INFO  [Thread-1] root: Receive message:	 '{ CommMessage Object: { Status: GET }{ key: haha }{ value: null }'
2019-02-10 15:15:36,310 INFO  [Thread-1] root: Send message:	 '{ CommMessage Object: { Status: GET_SUCCESS }{ key: haha }{ value: hehe }'
2019-02-10 15:16:11,182 INFO  [Thread-1] root: Receive message:	 '{ CommMessage Object: { Status: GET }{ key: haha }{ value: null }'
2019-02-10 15:16:11,183 INFO  [Thread-1] root: Send message:	 '{ CommMessage Object: { Status: GET_SUCCESS }{ key: haha }{ value: hehe }'
2019-02-10 15:18:50,866 INFO  [Thread-0] root: Initialize server ...
2019-02-10 15:18:50,868 INFO  [Thread-0] root: Server listening on port: 5000
2019-02-10 15:18:55,940 INFO  [Thread-0] root: Connected to localhost on port 39100
2019-02-10 15:19:01,068 INFO  [Thread-0] root: Connected to localhost on port 39102
2019-02-10 15:19:01,128 INFO  [Thread-2] root: Receive message:	 '{ CommMessage Object: { Status: PUT }{ key: haha }{ value: null }'
2019-02-10 15:19:01,133 INFO  [Thread-2] root: Send message:	 '{ CommMessage Object: { Status: DELETE_ERROR }{ key: haha }{ value: null }'
2019-02-10 15:19:07,221 INFO  [Thread-0] root: Connected to localhost on port 39104
2019-02-10 15:19:07,222 INFO  [Thread-3] root: Receive message:	 '{ CommMessage Object: { Status: PUT }{ key: haha }{ value: hehe }'
2019-02-10 15:19:07,223 INFO  [Thread-3] root: Send message:	 '{ CommMessage Object: { Status: PUT_SUCCESS }{ key: haha }{ value: hehe }'
2019-02-10 15:19:14,437 INFO  [Thread-1] root: Receive message:	 '{ CommMessage Object: { Status: GET }{ key: haha }{ value: null }'
2019-02-10 15:19:14,438 INFO  [Thread-1] root: Send message:	 '{ CommMessage Object: { Status: GET_SUCCESS }{ key: haha }{ value: hehe }'
2019-02-10 15:20:01,612 INFO  [Thread-0] root: Initialize server ...
2019-02-10 15:20:01,615 INFO  [Thread-0] root: Server listening on port: 5000
2019-02-10 15:20:06,486 INFO  [Thread-0] root: Connected to localhost on port 39108
2019-02-10 15:20:08,665 INFO  [Thread-1] root: Receive message:	 '{ CommMessage Object: { Status: GET }{ key: haha }{ value: null }'
2019-02-10 15:20:08,669 INFO  [Thread-1] root: Send message:	 '{ CommMessage Object: { Status: GET_ERROR }{ key: null }{ value: null }'
2019-02-10 15:20:12,837 INFO  [Thread-0] root: Connected to localhost on port 39110
2019-02-10 15:20:12,838 INFO  [Thread-2] root: Receive message:	 '{ CommMessage Object: { Status: PUT }{ key: haha }{ value: null }'
2019-02-10 15:20:12,840 INFO  [Thread-2] root: Send message:	 '{ CommMessage Object: { Status: DELETE_ERROR }{ key: haha }{ value: null }'
2019-02-10 15:20:16,111 INFO  [Thread-1] root: Receive message:	 '{ CommMessage Object: { Status: GET }{ key: haha }{ value: null }'
2019-02-10 15:20:16,112 INFO  [Thread-1] root: Send message:	 '{ CommMessage Object: { Status: GET_ERROR }{ key: null }{ value: null }'
2019-02-10 15:20:33,991 INFO  [Thread-1] root: Receive message:	 '{ CommMessage Object: { Status: GET }{ key: haha }{ value: null }'
2019-02-10 15:20:33,993 INFO  [Thread-1] root: Send message:	 '{ CommMessage Object: { Status: GET_ERROR }{ key: null }{ value: null }'
2019-02-10 15:20:43,824 INFO  [Thread-3] root: Receive message:	 '{ CommMessage Object: { Status: PUT }{ key: haha }{ value: hehe }'
2019-02-10 15:20:43,824 INFO  [Thread-0] root: Connected to localhost on port 39114
2019-02-10 15:20:43,826 INFO  [Thread-3] root: Send message:	 '{ CommMessage Object: { Status: PUT_SUCCESS }{ key: haha }{ value: hehe }'
2019-02-10 15:20:49,432 INFO  [Thread-1] root: Receive message:	 '{ CommMessage Object: { Status: GET }{ key: haha }{ value: null }'
2019-02-10 15:20:49,432 INFO  [Thread-1] root: Send message:	 '{ CommMessage Object: { Status: GET_SUCCESS }{ key: haha }{ value: hehe }'
2019-02-10 15:20:52,639 INFO  [Thread-0] root: Connected to localhost on port 39116
2019-02-10 15:20:52,640 INFO  [Thread-4] root: Receive message:	 '{ CommMessage Object: { Status: PUT }{ key: haha }{ value: null }'
2019-02-10 15:20:52,642 INFO  [Thread-4] root: Send message:	 '{ CommMessage Object: { Status: DELETE_SUCCESS }{ key: haha }{ value: null }'
2019-02-10 15:26:31,958 INFO  [Thread-0] root: Initialize server ...
2019-02-10 15:26:31,961 INFO  [Thread-0] root: Server listening on port: 5000
2019-02-10 15:28:36,167 INFO  [Thread-0] root: Connected to localhost on port 39154
2019-02-10 15:28:44,614 INFO  [Thread-0] root: Connected to localhost on port 39156
2019-02-10 15:28:44,685 INFO  [Thread-2] root: Receive message:	 '{ CommMessage Object: { Status: PUT }{ key: haha }{ value: hehe }'
2019-02-10 15:28:44,690 INFO  [Thread-2] root: Send message:	 '{ CommMessage Object: { Status: PUT_SUCCESS }{ key: haha }{ value: hehe }'
2019-02-10 15:28:49,057 INFO  [Thread-0] root: Connected to localhost on port 39158
2019-02-10 15:28:49,058 INFO  [Thread-3] root: Receive message:	 '{ CommMessage Object: { Status: PUT }{ key: haha }{ value: haha }'
2019-02-10 15:28:49,059 INFO  [Thread-3] root: Send message:	 '{ CommMessage Object: { Status: PUT_UPDATE }{ key: haha }{ value: haha }'
2019-02-10 15:28:51,144 INFO  [Thread-1] root: Receive message:	 '{ CommMessage Object: { Status: GET }{ key: haha }{ value: null }'
2019-02-10 15:28:51,145 INFO  [Thread-1] root: Send message:	 '{ CommMessage Object: { Status: GET_SUCCESS }{ key: haha }{ value: haha }'
2019-02-10 15:28:53,496 INFO  [Thread-1] root: Receive message:	 '{ CommMessage Object: { Status: GET }{ key: haha }{ value: null }'
2019-02-10 15:28:53,496 INFO  [Thread-1] root: Send message:	 '{ CommMessage Object: { Status: GET_SUCCESS }{ key: haha }{ value: haha }'
2019-02-10 15:28:55,080 INFO  [Thread-1] root: Receive message:	 '{ CommMessage Object: { Status: GET }{ key: hehe }{ value: null }'
2019-02-10 15:28:55,081 INFO  [Thread-1] root: Send message:	 '{ CommMessage Object: { Status: GET_ERROR }{ key: null }{ value: null }'
2019-02-10 15:28:57,560 INFO  [Thread-1] root: Receive message:	 '{ CommMessage Object: { Status: GET }{ key: gg }{ value: null }'
2019-02-10 15:28:57,561 INFO  [Thread-1] root: Send message:	 '{ CommMessage Object: { Status: GET_ERROR }{ key: null }{ value: null }'
2019-02-10 15:29:00,791 INFO  [Thread-0] root: Connected to localhost on port 39162
2019-02-10 15:29:00,792 INFO  [Thread-4] root: Receive message:	 '{ CommMessage Object: { Status: PUT }{ key: haha }{ value: null }'
2019-02-10 15:29:00,795 INFO  [Thread-4] root: Send message:	 '{ CommMessage Object: { Status: DELETE_SUCCESS }{ key: haha }{ value: null }'
2019-02-10 15:31:44,409 INFO  [Thread-0] root: Initialize server ...
2019-02-10 15:31:44,411 INFO  [Thread-0] root: Server listening on port: 5000
2019-02-10 15:31:51,453 INFO  [Thread-0] root: Connected to localhost on port 39168
2019-02-10 15:31:54,168 INFO  [Thread-0] root: Connected to localhost on port 39170
2019-02-10 15:31:54,246 INFO  [Thread-2] root: Receive message:	 '{ CommMessage Object: { Status: PUT }{ key: key1 }{ value: null }'
2019-02-10 15:31:54,252 INFO  [Thread-2] root: Send message:	 '{ CommMessage Object: { Status: DELETE_ERROR }{ key: key1 }{ value: null }'
2019-02-10 15:31:57,318 INFO  [Thread-0] root: Connected to localhost on port 39172
2019-02-10 15:31:57,319 INFO  [Thread-3] root: Receive message:	 '{ CommMessage Object: { Status: PUT }{ key: key2 }{ value: null }'
2019-02-10 15:31:57,322 INFO  [Thread-3] root: Send message:	 '{ CommMessage Object: { Status: DELETE_ERROR }{ key: key2 }{ value: null }'
2019-02-10 15:32:02,310 INFO  [Thread-0] root: Connected to localhost on port 39174
2019-02-10 15:32:02,311 INFO  [Thread-4] root: Receive message:	 '{ CommMessage Object: { Status: PUT }{ key: k1 }{ value: v1 }'
2019-02-10 15:32:02,313 INFO  [Thread-4] root: Send message:	 '{ CommMessage Object: { Status: PUT_SUCCESS }{ key: k1 }{ value: v1 }'
2019-02-10 15:32:05,848 INFO  [Thread-0] root: Connected to localhost on port 39176
2019-02-10 15:32:05,848 INFO  [Thread-5] root: Receive message:	 '{ CommMessage Object: { Status: PUT }{ key: k2 }{ value: v2 }'
2019-02-10 15:32:05,849 INFO  [Thread-5] root: Send message:	 '{ CommMessage Object: { Status: PUT_SUCCESS }{ key: k2 }{ value: v2 }'
2019-02-10 15:32:16,270 INFO  [Thread-0] root: Connected to localhost on port 39180
2019-02-10 15:32:16,271 INFO  [Thread-6] root: Receive message:	 '{ CommMessage Object: { Status: PUT }{ key: k3 }{ value: v3 }'
2019-02-10 15:32:16,272 INFO  [Thread-6] root: Send message:	 '{ CommMessage Object: { Status: PUT_SUCCESS }{ key: k3 }{ value: v3 }'
2019-02-10 15:32:19,668 INFO  [Thread-0] root: Connected to localhost on port 39182
2019-02-10 15:32:19,684 INFO  [Thread-7] root: Receive message:	 '{ CommMessage Object: { Status: PUT }{ key: k4 }{ value: v4 }'
2019-02-10 15:32:19,688 INFO  [Thread-7] root: Send message:	 '{ CommMessage Object: { Status: PUT_SUCCESS }{ key: k4 }{ value: v4 }'
2019-02-10 17:04:09,876 INFO  [Thread-0] root: Initialize server ...
2019-02-10 17:04:09,879 ERROR [Thread-0] root: Error! Cannot open server socket:
2019-02-10 17:04:09,879 ERROR [Thread-0] root: Port 5000 is already bound!
2019-02-10 17:04:09,882 INFO  [Thread-0] root: Server stopped.
2019-02-10 17:04:39,133 INFO  [Thread-0] root: Initialize server ...
2019-02-10 17:04:39,135 INFO  [Thread-0] root: Server listening on port: 5000
2019-02-10 17:08:37,557 INFO  [Thread-0] root: Initialize server ...
2019-02-10 17:08:37,559 INFO  [Thread-0] root: Server listening on port: 5000
2019-02-10 18:28:30,764 INFO  [Thread-0] root: Initialize server ...
2019-02-10 18:28:30,766 INFO  [Thread-0] root: Server listening on port: 5000
2019-02-10 18:28:47,471 INFO  [Thread-0] root: Connected to localhost on port 40704
2019-02-10 18:29:54,025 INFO  [Thread-0] root: Initialize server ...
2019-02-10 18:29:54,027 INFO  [Thread-0] root: Server listening on port: 5000
2019-02-10 18:30:01,097 INFO  [Thread-0] root: Connected to localhost on port 40708
2019-02-10 18:30:04,181 INFO  [Thread-1] root: Receive message:	 '{ CommMessage Object: { Status: SERVER_STOPPED }{ key: null }{ value: null }'
2019-02-10 18:30:31,879 INFO  [Thread-0] root: Initialize server ...
2019-02-10 18:30:31,882 INFO  [Thread-0] root: Server listening on port: 5000
2019-02-10 18:30:37,827 INFO  [Thread-0] root: Connected to localhost on port 40712
2019-02-10 18:30:40,173 INFO  [Thread-1] root: Receive message:	 '{ CommMessage Object: { Status: SERVER_STOPPED }{ key: null }{ value: null }'
2019-02-10 18:34:32,738 INFO  [Thread-0] root: Initialize server ...
2019-02-10 18:34:32,740 INFO  [Thread-0] root: Server listening on port: 5000
2019-02-10 18:34:37,795 INFO  [Thread-0] root: Connected to localhost on port 40738
2019-02-10 18:34:41,526 INFO  [Thread-1] root: Receive message:	 '{ CommMessage Object: { Status: SERVER_STOPPED }{ key: null }{ value: null } | {AdminMessage Object: SHUTDOWN} }'
2019-02-10 18:39:40,674 INFO  [Thread-0] root: Initialize server ...
2019-02-10 18:39:40,677 INFO  [Thread-0] root: Server listening on port: 5000
2019-02-10 18:39:54,192 INFO  [Thread-0] root: Connected to localhost on port 40764
2019-02-10 18:39:56,968 INFO  [Thread-1] root: Receive message:	 '{ CommMessage Object: { Status: SERVER_STOPPED }{ key: null }{ value: null } | {AdminMessage Object: SHUTDOWN} }'
2019-02-10 18:41:56,237 INFO  [Thread-0] root: Initialize server ...
2019-02-10 18:41:56,240 INFO  [Thread-0] root: Server listening on port: 5000
2019-02-10 18:41:57,833 INFO  [Thread-0] root: Connected to localhost on port 40774
2019-02-10 18:42:01,728 INFO  [Thread-1] root: Receive message:	 '{ CommMessage Object: { Status: SERVER_STOPPED }{ key: null }{ value: null } | {AdminMessage Object: SHUTDOWN} }'
2019-02-10 18:42:01,729 ERROR [Thread-0] root: Error! Unable to establish connection. 

java.net.SocketException: Socket closed
	at java.net.PlainSocketImpl.socketAccept(Native Method)
	at java.net.AbstractPlainSocketImpl.accept(AbstractPlainSocketImpl.java:409)
	at java.net.ServerSocket.implAccept(ServerSocket.java:545)
	at java.net.ServerSocket.accept(ServerSocket.java:513)
	at app_kvServer.KVServer.run(KVServer.java:207)
2019-02-10 18:42:01,730 INFO  [Thread-0] root: Server stopped.
